Mplus VERSION 8.11
MUTHEN & MUTHEN
11/20/2024  11:12 AM

INPUT INSTRUCTIONS

  TITLE:
  2-Class (Females Only)
  DATA:
  FILE = "C:/Users/dnajiarch/Box/TA - ED 201/Labs/mg_invar/enum_females/
  db.dat";
  VARIABLE:
  NAMES = id FEMALE studyethraw ETHN_CMP do1 do2 do3 do4 do5 do6 do7 psolv1 psolv2
       psolv3 psolv4 psolv5 psolv6 psolv7 psolv8 SOC_STRS BOTHR_U negmood1 posmood1;
   MISSING=.;
   categorical = do1-do7;
  usevar = do1-do7;
  useobs = female == 1;
  classes = c(2);
  ANALYSIS:
  estimator = mlr;
      type = mixture;
      starts = 500 100;
      processors = 10;
  OUTPUT:
  sampstat residual tech11 tech14 svalues;
  PLOT:
  type = plot3;
      series = do1-do7(*);



*** WARNING in OUTPUT command
  SAMPSTAT option is not available when all outcomes are censored, ordered
  categorical, unordered categorical (nominal), count or continuous-time
  survival variables.  Request for SAMPSTAT is ignored.
*** WARNING
  Data set contains cases with missing on all variables.
  These cases were not included in the analysis.
  Number of cases with missing on all variables:  75
   2 WARNING(S) FOUND IN THE INPUT INSTRUCTIONS




2-Class (Females Only)

SUMMARY OF ANALYSIS

Number of groups                                                 1
Number of observations                                         238

Number of dependent variables                                    7
Number of independent variables                                  0
Number of continuous latent variables                            0
Number of categorical latent variables                           1

Observed dependent variables

  Binary and ordered categorical (ordinal)
   DO1         DO2         DO3         DO4         DO5         DO6
   DO7

Categorical latent variables
   C


Estimator                                                      MLR
Information matrix                                        OBSERVED
Optimization Specifications for the Quasi-Newton Algorithm for
Continuous Outcomes
  Maximum number of iterations                                 100
  Convergence criterion                                  0.100D-05
Optimization Specifications for the EM Algorithm
  Maximum number of iterations                                 500
  Convergence criteria
    Loglikelihood change                                 0.100D-06
    Relative loglikelihood change                        0.100D-06
    Derivative                                           0.100D-05
Optimization Specifications for the M step of the EM Algorithm for
Categorical Latent variables
  Number of M step iterations                                    1
  M step convergence criterion                           0.100D-05
  Basis for M step termination                           ITERATION
Optimization Specifications for the M step of the EM Algorithm for
Censored, Binary or Ordered Categorical (Ordinal), Unordered
Categorical (Nominal) and Count Outcomes
  Number of M step iterations                                    1
  M step convergence criterion                           0.100D-05
  Basis for M step termination                           ITERATION
  Maximum value for logit thresholds                            15
  Minimum value for logit thresholds                           -15
  Minimum expected cell size for chi-square              0.100D-01
Maximum number of iterations for H1                           2000
Convergence criterion for H1                             0.100D-03
Optimization algorithm                                         EMA
Random Starts Specifications
  Number of initial stage random starts                        500
  Number of final stage optimizations                          100
  Number of initial stage iterations                            10
  Initial stage convergence criterion                    0.100D+01
  Random starts scale                                    0.500D+01
  Random seed for generating random starts                       0
Link                                                         LOGIT

Input data file(s)
  C:/Users/dnajiarch/Box/TA - ED 201/Labs/mg_invar/enum_females/db.dat
Input data format  FREE


SUMMARY OF DATA

     Number of missing data patterns             4
     Number of y missing data patterns           0
     Number of u missing data patterns           4


COVARIANCE COVERAGE OF DATA

Minimum covariance coverage value   0.100


     PROPORTION OF DATA PRESENT FOR U


           Covariance Coverage
              DO1           DO2           DO3           DO4           DO5
              ________      ________      ________      ________      ________
 DO1            1.000
 DO2            1.000         1.000
 DO3            0.996         0.996         0.996
 DO4            0.996         0.996         0.992         0.996
 DO5            1.000         1.000         0.996         0.996         1.000
 DO6            1.000         1.000         0.996         0.996         1.000
 DO7            0.996         0.996         0.992         0.992         0.996


           Covariance Coverage
              DO6           DO7
              ________      ________
 DO6            1.000
 DO7            0.996         0.996


UNIVARIATE PROPORTIONS AND COUNTS FOR CATEGORICAL VARIABLES

    DO1
      Category 1    0.445          106.000
      Category 2    0.555          132.000
    DO2
      Category 1    0.924          220.000
      Category 2    0.076           18.000
    DO3
      Category 1    0.430          102.000
      Category 2    0.570          135.000
    DO4
      Category 1    0.591          140.000
      Category 2    0.409           97.000
    DO5
      Category 1    0.492          117.000
      Category 2    0.508          121.000
    DO6
      Category 1    0.681          162.000
      Category 2    0.319           76.000
    DO7
      Category 1    0.578          137.000
      Category 2    0.422          100.000


RANDOM STARTS RESULTS RANKED FROM THE BEST TO THE WORST LOGLIKELIHOOD VALUES

Final stage loglikelihood values at local maxima, seeds, and initial stage start numbers:

            -992.584  545140           278
            -992.584  436460           89
            -992.584  349263           263
            -992.584  508482           446
            -992.584  440841           118
            -992.584  303634           169
            -992.584  787985           482
            -992.584  928287           197
            -992.584  674171           195
            -992.584  695155           150
            -992.584  17359            227
            -992.584  728038           177
            -992.584  193569           440
            -992.584  535063           329
            -992.584  667250           318
            -992.584  777045           377
            -992.584  22089            143
            -992.584  871851           257
            -992.584  783110           72
            -992.584  273992           349
            -992.584  342019           301
            -992.584  863094           147
            -992.584  957392           79
            -992.584  691234           250
            -992.584  801717           364
            -992.584  136842           58
            -992.584  863691           481
            -992.584  621542           375
            -992.584  726035           191
            -992.584  140442           500
            -992.584  570782           193
            -992.584  61587            400
            -992.584  173191           422
            -992.584  80438            246
            -992.584  411615           171
            -992.584  526324           178
            -992.584  569131           26
            -992.584  972430           491
            -992.584  879338           309
            -992.584  614009           317
            -992.584  626087           314
            -992.584  392418           28
            -992.584  286735           175
            -992.584  399671           13
            -992.584  85462            51
            -992.584  66276            217
            -992.584  210870           383
            -992.584  399508           415
            -992.584  127215           9
            -992.584  40340            188
            -992.584  749635           420
            -992.584  978781           497
            -992.584  156536           245
            -992.584  567165           319
            -992.584  573096           20
            -992.584  377504           294
            -992.584  402224           91
            -992.584  971693           470
            -992.584  930872           277
            -992.584  364676           27
            -992.584  207896           25
            -992.584  840031           276
            -992.584  985387           381
            -992.584  27071            15
            -992.584  344422           296
            -992.584  608849           224
            -992.584  57226            208
            -992.584  53621            483
            -992.584  175199           247
            -992.584  614535           449
            -992.584  105435           265
            -992.584  635245           121
            -992.584  765392           382
            -992.584  804660           260
            -992.584  232226           235
            -992.584  263221           447
            -992.584  82357            339
            -992.584  349562           359
            -992.584  988761           475
            -992.584  797594           234
            -992.584  715561           125
            -992.584  926797           406
            -992.584  314084           81
            -992.584  965639           463
            -992.584  605161           409
            -992.584  520177           262
            -992.584  794236           127
            -992.584  790452           303
            -992.584  195763           358
            -992.584  462953           7
            -992.584  76337            76
            -992.584  575700           100
            -992.584  570908           98
            -992.584  unperturbed      0
            -992.584  50887            389
            -992.584  468036           131
            -992.584  584397           428
            -992.584  292884           103
            -992.584  823392           479
            -992.584  466971           109



THE BEST LOGLIKELIHOOD VALUE HAS BEEN REPLICATED.  RERUN WITH AT LEAST TWICE THE
RANDOM STARTS TO CHECK THAT THE BEST LOGLIKELIHOOD IS STILL OBTAINED AND REPLICATED.


THE MODEL ESTIMATION TERMINATED NORMALLY



MODEL FIT INFORMATION

Number of Free Parameters                       15

Loglikelihood

          H0 Value                        -992.584
          H0 Scaling Correction Factor      1.0388
            for MLR

Information Criteria

          Akaike (AIC)                    2015.167
          Bayesian (BIC)                  2067.251
          Sample-Size Adjusted BIC        2019.706
            (n* = (n + 2) / 24)

Chi-Square Test of Model Fit for the Binary and Ordered Categorical
(Ordinal) Outcomes

          Pearson Chi-Square

          Value                            121.037
          Degrees of Freedom                   112
          P-Value                           0.2635

          Likelihood Ratio Chi-Square

          Value                             94.408
          Degrees of Freedom                   112
          P-Value                           0.8846

Chi-Square Test for MCAR under the Unrestricted Latent Class Indicator Model

          Pearson Chi-Square

          Value                             51.173
          Degrees of Freedom                   189
          P-Value                           1.0000

          Likelihood Ratio Chi-Square

          Value                             17.183
          Degrees of Freedom                   189
          P-Value                           1.0000



FINAL CLASS COUNTS AND PROPORTIONS FOR THE LATENT CLASSES
BASED ON THE ESTIMATED MODEL

    Latent
   Classes

       1        140.10236          0.58867
       2         97.89764          0.41133


FINAL CLASS COUNTS AND PROPORTIONS FOR THE LATENT CLASSES
BASED ON ESTIMATED POSTERIOR PROBABILITIES

    Latent
   Classes

       1        140.10236          0.58867
       2         97.89764          0.41133


FINAL CLASS COUNTS AND PROPORTIONS FOR THE LATENT CLASSES
BASED ON THEIR MOST LIKELY LATENT CLASS MEMBERSHIP

Class Counts and Proportions

    Latent
   Classes

       1              136          0.57143
       2              102          0.42857


CLASSIFICATION QUALITY

     Entropy                         0.627


Average Latent Class Probabilities for Most Likely Latent Class Membership (Row)
by Latent Class (Column)

           1        2

    1   0.924    0.076
    2   0.142    0.858


Classification Probabilities for the Most Likely Latent Class Membership (Column)
by Latent Class (Row)

           1        2

    1   0.897    0.103
    2   0.106    0.894


Logits for the Classification Probabilities for the Most Likely Latent Class Membership (Column)
by Latent Class (Row)

              1        2

    1      2.164    0.000
    2     -2.136    0.000


MODEL RESULTS

                                                    Two-Tailed
                    Estimate       S.E.  Est./S.E.    P-Value

Latent Class 1

 Thresholds
    DO1$1             -0.844      0.252     -3.348      0.001
    DO2$1              2.129      0.316      6.747      0.000
    DO3$1             -0.899      0.233     -3.854      0.000
    DO4$1             -0.056      0.201     -0.277      0.782
    DO5$1             -1.563      0.654     -2.387      0.017
    DO6$1              0.534      0.195      2.733      0.006
    DO7$1              0.871      0.288      3.027      0.002

Latent Class 2

 Thresholds
    DO1$1              0.630      0.358      1.758      0.079
    DO2$1              3.419      0.702      4.872      0.000
    DO3$1              0.536      0.319      1.683      0.092
    DO4$1              1.043      0.334      3.125      0.002
    DO5$1              2.886      1.962      1.471      0.141
    DO6$1              1.112      0.319      3.485      0.000
    DO7$1             -0.416      0.293     -1.419      0.156

Categorical Latent Variables

 Means
    C#1                0.358      0.395      0.908      0.364


QUALITY OF NUMERICAL RESULTS

     Condition Number for the Information Matrix              0.669E-02
       (ratio of smallest to largest eigenvalue)


RESULTS IN PROBABILITY SCALE

                                                    Two-Tailed
                    Estimate       S.E.  Est./S.E.    P-Value

Latent Class 1

 DO1
    Category 1         0.301      0.053      5.672      0.000
    Category 2         0.699      0.053     13.192      0.000
 DO2
    Category 1         0.894      0.030     29.808      0.000
    Category 2         0.106      0.030      3.546      0.000
 DO3
    Category 1         0.289      0.048      6.032      0.000
    Category 2         0.711      0.048     14.822      0.000
 DO4
    Category 1         0.486      0.050      9.677      0.000
    Category 2         0.514      0.050     10.230      0.000
 DO5
    Category 1         0.173      0.094      1.848      0.065
    Category 2         0.827      0.094      8.817      0.000
 DO6
    Category 1         0.630      0.046     13.848      0.000
    Category 2         0.370      0.046      8.117      0.000
 DO7
    Category 1         0.705      0.060     11.777      0.000
    Category 2         0.295      0.060      4.927      0.000

Latent Class 2

 DO1
    Category 1         0.652      0.081      8.033      0.000
    Category 2         0.348      0.081      4.279      0.000
 DO2
    Category 1         0.968      0.022     44.942      0.000
    Category 2         0.032      0.022      1.472      0.141
 DO3
    Category 1         0.631      0.074      8.506      0.000
    Category 2         0.369      0.074      4.975      0.000
 DO4
    Category 1         0.739      0.064     11.498      0.000
    Category 2         0.261      0.064      4.053      0.000
 DO5
    Category 1         0.947      0.098      9.643      0.000
    Category 2         0.053      0.098      0.538      0.590
 DO6
    Category 1         0.753      0.059     12.663      0.000
    Category 2         0.247      0.059      4.164      0.000
 DO7
    Category 1         0.398      0.070      5.664      0.000
    Category 2         0.602      0.070      8.585      0.000


LATENT CLASS INDICATOR ODDS RATIOS FOR THE LATENT CLASSES

                                                95% C.I.
                    Estimate       S.E.  Lower 2.5% Upper 2.5%

Latent Class 1 Compared to Latent Class 2

 DO1
    Category > 1       4.366      1.983      1.792     10.636
 DO2
    Category > 1       3.633      2.950      0.740     17.838
 DO3
    Category > 1       4.201      1.558      2.030      8.692
 DO4
    Category > 1       3.000      1.185      1.383      6.507
 DO5
    Category > 1      85.480    168.382      1.799   4060.936
 DO6
    Category > 1       1.783      0.733      0.796      3.993
 DO7
    Category > 1       0.276      0.123      0.115      0.661


MODEL COMMAND WITH FINAL ESTIMATES USED AS STARTING VALUES

     %OVERALL%

     [ c#1*0.35845 ];

     %C#1%

     [ do1$1*-0.84402 ];
     [ do2$1*2.12887 ];
     [ do3$1*-0.89901 ];
     [ do4$1*-0.05563 ];
     [ do5$1*-1.56253 ];
     [ do6$1*0.53414 ];
     [ do7$1*0.87150 ];

     %C#2%

     [ do1$1*0.62980 ];
     [ do2$1*3.41903 ];
     [ do3$1*0.53631 ];
     [ do4$1*1.04282 ];
     [ do5$1*2.88575 ];
     [ do6$1*1.11226 ];
     [ do7$1*-0.41586 ];



RESIDUAL OUTPUT


     RESIDUAL OUTPUT IS NOT AVAILABLE FOR THIS MODEL.  ADDITIONAL OUTPUT FOR
     CATEGORICAL, COUNT, AND NOMINAL VARIABLES MAY BE AVAILABLE USING TECH10.


TECHNICAL 11 OUTPUT

     Random Starts Specifications for the k-1 Class Analysis Model
        Number of initial stage random starts                 500
        Number of final stage optimizations                   100



     VUONG-LO-MENDELL-RUBIN LIKELIHOOD RATIO TEST FOR 1 (H0) VERSUS 2 CLASSES

          H0 Loglikelihood Value                        -1025.031
          2 Times the Loglikelihood Difference             64.895
          Difference in the Number of Parameters                8
          Mean                                              9.476
          Standard Deviation                                6.550
          P-Value                                          0.0000

     LO-MENDELL-RUBIN ADJUSTED LRT TEST

          Value                                            63.446
          P-Value                                          0.0000


TECHNICAL 14 OUTPUT

     Random Starts Specifications for the k-1 Class Analysis Model
        Number of initial stage random starts                 500
        Number of final stage optimizations                   100

     Random Starts Specification for the k-1 Class Model for Generated Data
        Number of initial stage random starts                   0
        Number of final stage optimizations for the
           initial stage random starts                          0
     Random Starts Specification for the k Class Model for Generated Data
        Number of initial stage random starts                  40
        Number of final stage optimizations                     8
     Number of bootstrap draws requested                   Varies


     PARAMETRIC BOOTSTRAPPED LIKELIHOOD RATIO TEST FOR 1 (H0) VERSUS 2 CLASSES

          H0 Loglikelihood Value                        -1025.031
          2 Times the Loglikelihood Difference             64.895
          Difference in the Number of Parameters                8
          Approximate P-Value                              0.0000
          Successful Bootstrap Draws                            5

     WARNING:  OF THE 5 BOOTSTRAP DRAWS, 3 DRAWS HAD BOTH A SMALLER LRT VALUE THAN THE
     OBSERVED LRT VALUE AND NOT A REPLICATED BEST LOGLIKELIHOOD VALUE FOR THE 2-CLASS MODEL.
     THIS MEANS THAT THE P-VALUE MAY NOT BE TRUSTWORTHY DUE TO LOCAL MAXIMA.
     INCREASE THE NUMBER OF RANDOM STARTS USING THE LRTSTARTS OPTION.



PLOT INFORMATION

The following plots are available:

  Histograms (sample values)
  Scatterplots (sample values)
  Sample proportions and estimated probabilities

     Beginning Time:  11:12:17
        Ending Time:  11:12:27
       Elapsed Time:  00:00:10



MUTHEN & MUTHEN
3463 Stoner Ave.
Los Angeles, CA  90066

Tel: (310) 391-9971
Fax: (310) 391-8971
Web: www.StatModel.com
Support: Support@StatModel.com

Copyright (c) 1998-2024 Muthen & Muthen
