Mplus VERSION 8.11
MUTHEN & MUTHEN
11/20/2024  11:12 AM

INPUT INSTRUCTIONS

  TITLE:
  4-Class (Females Only)
  DATA:
  FILE = "C:/Users/dnajiarch/Box/TA - ED 201/Labs/mg_invar/enum_females/
  db.dat";
  VARIABLE:
  NAMES = id FEMALE studyethraw ETHN_CMP do1 do2 do3 do4 do5 do6 do7 psolv1 psolv2
       psolv3 psolv4 psolv5 psolv6 psolv7 psolv8 SOC_STRS BOTHR_U negmood1 posmood1;
   MISSING=.;
   categorical = do1-do7;
  usevar = do1-do7;
  useobs = female == 1;
  classes = c(4);
  ANALYSIS:
  estimator = mlr;
      type = mixture;
      starts = 500 100;
      processors = 10;
  OUTPUT:
  sampstat residual tech11 tech14 svalues;
  PLOT:
  type = plot3;
      series = do1-do7(*);



*** WARNING in OUTPUT command
  SAMPSTAT option is not available when all outcomes are censored, ordered
  categorical, unordered categorical (nominal), count or continuous-time
  survival variables.  Request for SAMPSTAT is ignored.
*** WARNING
  Data set contains cases with missing on all variables.
  These cases were not included in the analysis.
  Number of cases with missing on all variables:  75
   2 WARNING(S) FOUND IN THE INPUT INSTRUCTIONS




4-Class (Females Only)

SUMMARY OF ANALYSIS

Number of groups                                                 1
Number of observations                                         238

Number of dependent variables                                    7
Number of independent variables                                  0
Number of continuous latent variables                            0
Number of categorical latent variables                           1

Observed dependent variables

  Binary and ordered categorical (ordinal)
   DO1         DO2         DO3         DO4         DO5         DO6
   DO7

Categorical latent variables
   C


Estimator                                                      MLR
Information matrix                                        OBSERVED
Optimization Specifications for the Quasi-Newton Algorithm for
Continuous Outcomes
  Maximum number of iterations                                 100
  Convergence criterion                                  0.100D-05
Optimization Specifications for the EM Algorithm
  Maximum number of iterations                                 500
  Convergence criteria
    Loglikelihood change                                 0.100D-06
    Relative loglikelihood change                        0.100D-06
    Derivative                                           0.100D-05
Optimization Specifications for the M step of the EM Algorithm for
Categorical Latent variables
  Number of M step iterations                                    1
  M step convergence criterion                           0.100D-05
  Basis for M step termination                           ITERATION
Optimization Specifications for the M step of the EM Algorithm for
Censored, Binary or Ordered Categorical (Ordinal), Unordered
Categorical (Nominal) and Count Outcomes
  Number of M step iterations                                    1
  M step convergence criterion                           0.100D-05
  Basis for M step termination                           ITERATION
  Maximum value for logit thresholds                            15
  Minimum value for logit thresholds                           -15
  Minimum expected cell size for chi-square              0.100D-01
Maximum number of iterations for H1                           2000
Convergence criterion for H1                             0.100D-03
Optimization algorithm                                         EMA
Random Starts Specifications
  Number of initial stage random starts                        500
  Number of final stage optimizations                          100
  Number of initial stage iterations                            10
  Initial stage convergence criterion                    0.100D+01
  Random starts scale                                    0.500D+01
  Random seed for generating random starts                       0
Link                                                         LOGIT

Input data file(s)
  C:/Users/dnajiarch/Box/TA - ED 201/Labs/mg_invar/enum_females/db.dat
Input data format  FREE


SUMMARY OF DATA

     Number of missing data patterns             4
     Number of y missing data patterns           0
     Number of u missing data patterns           4


COVARIANCE COVERAGE OF DATA

Minimum covariance coverage value   0.100


     PROPORTION OF DATA PRESENT FOR U


           Covariance Coverage
              DO1           DO2           DO3           DO4           DO5
              ________      ________      ________      ________      ________
 DO1            1.000
 DO2            1.000         1.000
 DO3            0.996         0.996         0.996
 DO4            0.996         0.996         0.992         0.996
 DO5            1.000         1.000         0.996         0.996         1.000
 DO6            1.000         1.000         0.996         0.996         1.000
 DO7            0.996         0.996         0.992         0.992         0.996


           Covariance Coverage
              DO6           DO7
              ________      ________
 DO6            1.000
 DO7            0.996         0.996


UNIVARIATE PROPORTIONS AND COUNTS FOR CATEGORICAL VARIABLES

    DO1
      Category 1    0.445          106.000
      Category 2    0.555          132.000
    DO2
      Category 1    0.924          220.000
      Category 2    0.076           18.000
    DO3
      Category 1    0.430          102.000
      Category 2    0.570          135.000
    DO4
      Category 1    0.591          140.000
      Category 2    0.409           97.000
    DO5
      Category 1    0.492          117.000
      Category 2    0.508          121.000
    DO6
      Category 1    0.681          162.000
      Category 2    0.319           76.000
    DO7
      Category 1    0.578          137.000
      Category 2    0.422          100.000


RANDOM STARTS RESULTS RANKED FROM THE BEST TO THE WORST LOGLIKELIHOOD VALUES

Final stage loglikelihood values at local maxima, seeds, and initial stage start numbers:

            -979.907  181293           212
            -979.907  392418           28
            -979.907  393232           152
            -979.907  608496           4
            -979.907  903420           5
            -980.684  746978           410
            -980.684  319144           176
            -980.684  55115            408
            -980.684  414284           158
            -980.684  496881           192
            -980.684  485256           371
            -980.793  802256           477
            -980.793  814975           129
            -980.793  937588           293
            -980.793  217130           443
            -980.948  354208           196
            -980.948  112586           494
            -981.038  93468            3
            -981.038  399380           436
            -981.038  597614           284
            -981.038  471398           74
            -981.038  437181           135
            -981.038  358488           264
            -981.038  347515           24
            -981.530  370466           41
            -981.530  602797           336
            -981.530  514326           325
            -981.531  285380           1
            -981.766  341041           34
            -981.766  193042           316
            -982.004  692169           308
            -982.235  376411           473
            -982.404  107446           12
            -982.404  170118           238
            -982.404  963053           43
            -982.404  891531           206
            -982.784  232559           136
            -983.054  188498           258
            -983.136  466971           109
            -983.346  783110           72
            -983.628  784664           75
            -983.750  247224           94
            -983.909  259507           53
            -984.371  377504           294
            -984.900  570908           98

55 perturbed starting value run(s) did not converge or were rejected in the third stage.



THE BEST LOGLIKELIHOOD VALUE HAS BEEN REPLICATED.  RERUN WITH AT LEAST TWICE THE
RANDOM STARTS TO CHECK THAT THE BEST LOGLIKELIHOOD IS STILL OBTAINED AND REPLICATED.

     IN THE OPTIMIZATION, ONE OR MORE LOGIT THRESHOLDS APPROACHED EXTREME VALUES
     OF -15.000 AND 15.000 AND WERE FIXED TO STABILIZE MODEL ESTIMATION.  THESE
     VALUES IMPLY PROBABILITIES OF 0 AND 1.  IN THE MODEL RESULTS SECTION, THESE
     PARAMETERS HAVE 0 STANDARD ERRORS AND 999 IN THE Z-SCORE AND P-VALUE COLUMNS.




THE MODEL ESTIMATION TERMINATED NORMALLY



MODEL FIT INFORMATION

Number of Free Parameters                       31

Loglikelihood

          H0 Value                        -979.907
          H0 Scaling Correction Factor      1.0882
            for MLR

Information Criteria

          Akaike (AIC)                    2021.814
          Bayesian (BIC)                  2129.454
          Sample-Size Adjusted BIC        2031.194
            (n* = (n + 2) / 24)

Chi-Square Test of Model Fit for the Binary and Ordered Categorical
(Ordinal) Outcomes

          Pearson Chi-Square

          Value                             93.002
          Degrees of Freedom                    96
          P-Value                           0.5677

          Likelihood Ratio Chi-Square

          Value                             69.054
          Degrees of Freedom                    96
          P-Value                           0.9828

Chi-Square Test for MCAR under the Unrestricted Latent Class Indicator Model

          Pearson Chi-Square

          Value                             51.173
          Degrees of Freedom                   189
          P-Value                           1.0000

          Likelihood Ratio Chi-Square

          Value                             17.183
          Degrees of Freedom                   189
          P-Value                           1.0000



FINAL CLASS COUNTS AND PROPORTIONS FOR THE LATENT CLASSES
BASED ON THE ESTIMATED MODEL

    Latent
   Classes

       1          9.40782          0.03953
       2         10.07373          0.04233
       3        129.49905          0.54411
       4         89.01940          0.37403


FINAL CLASS COUNTS AND PROPORTIONS FOR THE LATENT CLASSES
BASED ON ESTIMATED POSTERIOR PROBABILITIES

    Latent
   Classes

       1          9.40782          0.03953
       2         10.07373          0.04233
       3        129.49905          0.54411
       4         89.01940          0.37403


FINAL CLASS COUNTS AND PROPORTIONS FOR THE LATENT CLASSES
BASED ON THEIR MOST LIKELY LATENT CLASS MEMBERSHIP

Class Counts and Proportions

    Latent
   Classes

       1               10          0.04202
       2                7          0.02941
       3              125          0.52521
       4               96          0.40336


CLASSIFICATION QUALITY

     Entropy                         0.791


Average Latent Class Probabilities for Most Likely Latent Class Membership (Row)
by Latent Class (Column)

           1        2        3        4

    1   0.941    0.000    0.000    0.059
    2   0.000    0.943    0.000    0.057
    3   0.000    0.019    0.914    0.068
    4   0.000    0.012    0.159    0.829


Classification Probabilities for the Most Likely Latent Class Membership (Column)
by Latent Class (Row)

           1        2        3        4

    1   1.000    0.000    0.000    0.000
    2   0.000    0.655    0.233    0.112
    3   0.000    0.000    0.882    0.118
    4   0.007    0.004    0.095    0.894


Logits for the Classification Probabilities for the Most Likely Latent Class Membership (Column)
by Latent Class (Row)

              1        2        3        4

    1     13.816    0.000    0.000    0.000
    2    -11.625    1.768    0.733    0.000
    3    -11.680  -11.680    2.009    0.000
    4     -4.901   -5.298   -2.241    0.000


MODEL RESULTS

                                                    Two-Tailed
                    Estimate       S.E.  Est./S.E.    P-Value

Latent Class 1

 Thresholds
    DO1$1             -0.091      0.678     -0.135      0.893
    DO2$1            -15.000      0.000    999.000    999.000
    DO3$1            -15.000      0.000    999.000    999.000
    DO4$1             -2.163      1.109     -1.951      0.051
    DO5$1             -1.710      1.248     -1.370      0.171
    DO6$1             -0.551      0.809     -0.681      0.496
    DO7$1              1.021      0.820      1.246      0.213

Latent Class 2

 Thresholds
    DO1$1             -1.396      1.693     -0.824      0.410
    DO2$1             -0.643      3.229     -0.199      0.842
    DO3$1             15.000      0.000    999.000    999.000
    DO4$1             15.000      0.000    999.000    999.000
    DO5$1             -0.984      1.168     -0.843      0.399
    DO6$1              0.522      1.155      0.452      0.651
    DO7$1             15.000      0.000    999.000    999.000

Latent Class 3

 Thresholds
    DO1$1             -0.839      0.280     -2.996      0.003
    DO2$1             15.000      0.000    999.000    999.000
    DO3$1             -1.005      0.386     -2.604      0.009
    DO4$1             -0.057      0.248     -0.229      0.819
    DO5$1             -1.322      0.608     -2.175      0.030
    DO6$1              0.629      0.213      2.950      0.003
    DO7$1              0.713      0.294      2.426      0.015

Latent Class 4

 Thresholds
    DO1$1              0.748      0.420      1.783      0.075
    DO2$1              3.778      1.092      3.458      0.001
    DO3$1              0.604      0.350      1.724      0.085
    DO4$1              1.085      0.373      2.910      0.004
    DO5$1              3.210      2.573      1.247      0.212
    DO6$1              1.160      0.352      3.294      0.001
    DO7$1             -0.493      0.331     -1.488      0.137

Categorical Latent Variables

 Means
    C#1               -2.247      0.445     -5.050      0.000
    C#2               -2.179      1.092     -1.996      0.046
    C#3                0.375      0.432      0.868      0.386


QUALITY OF NUMERICAL RESULTS

     Condition Number for the Information Matrix              0.354E-02
       (ratio of smallest to largest eigenvalue)


RESULTS IN PROBABILITY SCALE

                                                    Two-Tailed
                    Estimate       S.E.  Est./S.E.    P-Value

Latent Class 1

 DO1
    Category 1         0.477      0.169      2.823      0.005
    Category 2         0.523      0.169      3.093      0.002
 DO2
    Category 1         0.000      0.000      0.000      1.000
    Category 2         1.000      0.000      0.000      1.000
 DO3
    Category 1         0.000      0.000      0.000      1.000
    Category 2         1.000      0.000      0.000      1.000
 DO4
    Category 1         0.103      0.103      1.005      0.315
    Category 2         0.897      0.103      8.747      0.000
 DO5
    Category 1         0.153      0.162      0.946      0.344
    Category 2         0.847      0.162      5.229      0.000
 DO6
    Category 1         0.366      0.188      1.948      0.051
    Category 2         0.634      0.188      3.381      0.001
 DO7
    Category 1         0.735      0.160      4.608      0.000
    Category 2         0.265      0.160      1.659      0.097

Latent Class 2

 DO1
    Category 1         0.199      0.269      0.737      0.461
    Category 2         0.801      0.269      2.976      0.003
 DO2
    Category 1         0.345      0.729      0.473      0.637
    Category 2         0.655      0.729      0.899      0.369
 DO3
    Category 1         1.000      0.000      0.000      1.000
    Category 2         0.000      0.000      0.000      1.000
 DO4
    Category 1         1.000      0.000      0.000      1.000
    Category 2         0.000      0.000      0.000      1.000
 DO5
    Category 1         0.272      0.231      1.176      0.240
    Category 2         0.728      0.231      3.147      0.002
 DO6
    Category 1         0.628      0.270      2.326      0.020
    Category 2         0.372      0.270      1.380      0.168
 DO7
    Category 1         1.000      0.000      0.000      1.000
    Category 2         0.000      0.000      0.000      1.000

Latent Class 3

 DO1
    Category 1         0.302      0.059      5.116      0.000
    Category 2         0.698      0.059     11.837      0.000
 DO2
    Category 1         1.000      0.000      0.000      1.000
    Category 2         0.000      0.000      0.000      1.000
 DO3
    Category 1         0.268      0.076      3.539      0.000
    Category 2         0.732      0.076      9.670      0.000
 DO4
    Category 1         0.486      0.062      7.838      0.000
    Category 2         0.514      0.062      8.297      0.000
 DO5
    Category 1         0.210      0.101      2.083      0.037
    Category 2         0.790      0.101      7.816      0.000
 DO6
    Category 1         0.652      0.048     13.489      0.000
    Category 2         0.348      0.048      7.193      0.000
 DO7
    Category 1         0.671      0.065     10.343      0.000
    Category 2         0.329      0.065      5.069      0.000

Latent Class 4

 DO1
    Category 1         0.679      0.092      7.416      0.000
    Category 2         0.321      0.092      3.509      0.000
 DO2
    Category 1         0.978      0.024     40.947      0.000
    Category 2         0.022      0.024      0.936      0.349
 DO3
    Category 1         0.647      0.080      8.076      0.000
    Category 2         0.353      0.080      4.413      0.000
 DO4
    Category 1         0.747      0.070     10.618      0.000
    Category 2         0.253      0.070      3.588      0.000
 DO5
    Category 1         0.961      0.096     10.015      0.000
    Category 2         0.039      0.096      0.404      0.686
 DO6
    Category 1         0.761      0.064     11.899      0.000
    Category 2         0.239      0.064      3.729      0.000
 DO7
    Category 1         0.379      0.078      4.868      0.000
    Category 2         0.621      0.078      7.966      0.000


LATENT CLASS INDICATOR ODDS RATIOS FOR THE LATENT CLASSES

                                                95% C.I.
                    Estimate       S.E.  Lower 2.5% Upper 2.5%

Latent Class 1 Compared to Latent Class 2

 DO1
    Category > 1       0.271      0.485      0.008      9.032
 DO2
    Category > 1   *********      0.000  *********  *********
 DO3
    Category > 1   *********      0.000  *********  *********
 DO4
    Category > 1   *********      0.000  *********  *********
 DO5
    Category > 1       2.065      3.420      0.080     53.057
 DO6
    Category > 1       2.926      4.281      0.166     51.501
 DO7
    Category > 1   *********      0.000  *********  *********

Latent Class 1 Compared to Latent Class 3

 DO1
    Category > 1       0.474      0.343      0.114      1.960
 DO2
    Category > 1   *********      0.000  *********  *********
 DO3
    Category > 1   *********      0.000  *********  *********
 DO4
    Category > 1       8.220      9.268      0.902     74.931
 DO5
    Category > 1       1.473      1.993      0.104     20.887
 DO6
    Category > 1       3.254      2.717      0.634     16.713
 DO7
    Category > 1       0.735      0.631      0.136      3.959

Latent Class 1 Compared to Latent Class 4

 DO1
    Category > 1       2.316      1.872      0.475     11.296
 DO2
    Category > 1   *********      0.000  *********  *********
 DO3
    Category > 1   *********      0.000  *********  *********
 DO4
    Category > 1      25.748     30.057      2.613    253.748
 DO5
    Category > 1     136.907    388.973      0.522  35880.980
 DO6
    Category > 1       5.537      4.879      0.984     31.142
 DO7
    Category > 1       0.220      0.198      0.038      1.286

Latent Class 2 Compared to Latent Class 3

 DO1
    Category > 1       1.745      3.086      0.055     55.871
 DO2
    Category > 1   *********      0.000  *********  *********
 DO3
    Category > 1       0.000      0.000      0.000      0.000
 DO4
    Category > 1       0.000      0.000      0.000      0.000
 DO5
    Category > 1       0.713      0.907      0.059      8.624
 DO6
    Category > 1       1.112      1.339      0.105     11.776
 DO7
    Category > 1       0.000      0.000      0.000      0.000

Latent Class 2 Compared to Latent Class 4

 DO1
    Category > 1       8.535     15.339      0.252    289.066
 DO2
    Category > 1      83.171    305.365      0.062  *********
 DO3
    Category > 1       0.000      0.000      0.000      0.000
 DO4
    Category > 1       0.000      0.000      0.000      0.000
 DO5
    Category > 1      66.300    198.641      0.187  23542.547
 DO6
    Category > 1       1.893      2.336      0.168     21.260
 DO7
    Category > 1       0.000      0.000      0.000      0.000

Latent Class 3 Compared to Latent Class 4

 DO1
    Category > 1       4.890      2.497      1.798     13.305
 DO2
    Category > 1       0.000      0.000      0.000      0.000
 DO3
    Category > 1       5.000      2.338      1.999     12.504
 DO4
    Category > 1       3.132      1.375      1.325      7.403
 DO5
    Category > 1      92.937    236.261      0.637  13555.857
 DO6
    Category > 1       1.701      0.783      0.690      4.195
 DO7
    Category > 1       0.299      0.140      0.119      0.751


MODEL COMMAND WITH FINAL ESTIMATES USED AS STARTING VALUES

     %OVERALL%

     [ c#1*-2.24731 ];
     [ c#2*-2.17892 ];
     [ c#3*0.37482 ];

     %C#1%

     [ do1$1*-0.09128 ];
     [ do2$1*-15 ];
     [ do3$1*-15 ];
     [ do4$1*-2.16343 ];
     [ do5$1*-1.70959 ];
     [ do6$1*-0.55122 ];
     [ do7$1*1.02135 ];

     %C#2%

     [ do1$1*-1.39568 ];
     [ do2$1*-0.64279 ];
     [ do3$1*15 ];
     [ do4$1*15 ];
     [ do5$1*-0.98448 ];
     [ do6$1*0.52229 ];
     [ do7$1*15 ];

     %C#3%

     [ do1$1*-0.83882 ];
     [ do2$1*15 ];
     [ do3$1*-1.00516 ];
     [ do4$1*-0.05689 ];
     [ do5$1*-1.32221 ];
     [ do6$1*0.62878 ];
     [ do7$1*0.71329 ];

     %C#4%

     [ do1$1*0.74846 ];
     [ do2$1*3.77811 ];
     [ do3$1*0.60427 ];
     [ do4$1*1.08493 ];
     [ do5$1*3.20971 ];
     [ do6$1*1.16020 ];
     [ do7$1*-0.49256 ];



RESIDUAL OUTPUT


     RESIDUAL OUTPUT IS NOT AVAILABLE FOR THIS MODEL.  ADDITIONAL OUTPUT FOR
     CATEGORICAL, COUNT, AND NOMINAL VARIABLES MAY BE AVAILABLE USING TECH10.


TECHNICAL 11 OUTPUT

     Random Starts Specifications for the k-1 Class Analysis Model
        Number of initial stage random starts                 500
        Number of final stage optimizations                   100



     VUONG-LO-MENDELL-RUBIN LIKELIHOOD RATIO TEST FOR 3 (H0) VERSUS 4 CLASSES

          H0 Loglikelihood Value                         -985.874
          2 Times the Loglikelihood Difference             11.934
          Difference in the Number of Parameters                8
          Mean                                              8.066
          Standard Deviation                               22.137
          P-Value                                          0.3642

     LO-MENDELL-RUBIN ADJUSTED LRT TEST

          Value                                            11.667
          P-Value                                          0.3701


TECHNICAL 14 OUTPUT

     Random Starts Specifications for the k-1 Class Analysis Model
        Number of initial stage random starts                 500
        Number of final stage optimizations                   100

     Random Starts Specification for the k-1 Class Model for Generated Data
        Number of initial stage random starts                   0
        Number of final stage optimizations for the
           initial stage random starts                          0
     Random Starts Specification for the k Class Model for Generated Data
        Number of initial stage random starts                  40
        Number of final stage optimizations                     8
     Number of bootstrap draws requested                   Varies


     PARAMETRIC BOOTSTRAPPED LIKELIHOOD RATIO TEST FOR 3 (H0) VERSUS 4 CLASSES

          H0 Loglikelihood Value                         -985.874
          2 Times the Loglikelihood Difference             11.934
          Difference in the Number of Parameters                8
          Approximate P-Value                              0.6667
          Successful Bootstrap Draws                            3


PLOT INFORMATION

The following plots are available:

  Histograms (sample values)
  Scatterplots (sample values)
  Sample proportions and estimated probabilities

     Beginning Time:  11:12:42
        Ending Time:  11:12:57
       Elapsed Time:  00:00:15



MUTHEN & MUTHEN
3463 Stoner Ave.
Los Angeles, CA  90066

Tel: (310) 391-9971
Fax: (310) 391-8971
Web: www.StatModel.com
Support: Support@StatModel.com

Copyright (c) 1998-2024 Muthen & Muthen
