Mplus VERSION 8.11
MUTHEN & MUTHEN
11/20/2024  11:13 AM

INPUT INSTRUCTIONS

  TITLE:
  6-Class (Females Only)
  DATA:
  FILE = "C:/Users/dnajiarch/Box/TA - ED 201/Labs/mg_invar/enum_females/
  db.dat";
  VARIABLE:
  NAMES = id FEMALE studyethraw ETHN_CMP do1 do2 do3 do4 do5 do6 do7 psolv1 psolv2
       psolv3 psolv4 psolv5 psolv6 psolv7 psolv8 SOC_STRS BOTHR_U negmood1 posmood1;
   MISSING=.;
   categorical = do1-do7;
  usevar = do1-do7;
  useobs = female == 1;
  classes = c(6);
  ANALYSIS:
  estimator = mlr;
      type = mixture;
      starts = 500 100;
      processors = 10;
  OUTPUT:
  sampstat residual tech11 tech14 svalues;
  PLOT:
  type = plot3;
      series = do1-do7(*);



*** WARNING in OUTPUT command
  SAMPSTAT option is not available when all outcomes are censored, ordered
  categorical, unordered categorical (nominal), count or continuous-time
  survival variables.  Request for SAMPSTAT is ignored.
*** WARNING
  Data set contains cases with missing on all variables.
  These cases were not included in the analysis.
  Number of cases with missing on all variables:  75
   2 WARNING(S) FOUND IN THE INPUT INSTRUCTIONS




6-Class (Females Only)

SUMMARY OF ANALYSIS

Number of groups                                                 1
Number of observations                                         238

Number of dependent variables                                    7
Number of independent variables                                  0
Number of continuous latent variables                            0
Number of categorical latent variables                           1

Observed dependent variables

  Binary and ordered categorical (ordinal)
   DO1         DO2         DO3         DO4         DO5         DO6
   DO7

Categorical latent variables
   C


Estimator                                                      MLR
Information matrix                                        OBSERVED
Optimization Specifications for the Quasi-Newton Algorithm for
Continuous Outcomes
  Maximum number of iterations                                 100
  Convergence criterion                                  0.100D-05
Optimization Specifications for the EM Algorithm
  Maximum number of iterations                                 500
  Convergence criteria
    Loglikelihood change                                 0.100D-06
    Relative loglikelihood change                        0.100D-06
    Derivative                                           0.100D-05
Optimization Specifications for the M step of the EM Algorithm for
Categorical Latent variables
  Number of M step iterations                                    1
  M step convergence criterion                           0.100D-05
  Basis for M step termination                           ITERATION
Optimization Specifications for the M step of the EM Algorithm for
Censored, Binary or Ordered Categorical (Ordinal), Unordered
Categorical (Nominal) and Count Outcomes
  Number of M step iterations                                    1
  M step convergence criterion                           0.100D-05
  Basis for M step termination                           ITERATION
  Maximum value for logit thresholds                            15
  Minimum value for logit thresholds                           -15
  Minimum expected cell size for chi-square              0.100D-01
Maximum number of iterations for H1                           2000
Convergence criterion for H1                             0.100D-03
Optimization algorithm                                         EMA
Random Starts Specifications
  Number of initial stage random starts                        500
  Number of final stage optimizations                          100
  Number of initial stage iterations                            10
  Initial stage convergence criterion                    0.100D+01
  Random starts scale                                    0.500D+01
  Random seed for generating random starts                       0
Link                                                         LOGIT

Input data file(s)
  C:/Users/dnajiarch/Box/TA - ED 201/Labs/mg_invar/enum_females/db.dat
Input data format  FREE


SUMMARY OF DATA

     Number of missing data patterns             4
     Number of y missing data patterns           0
     Number of u missing data patterns           4


COVARIANCE COVERAGE OF DATA

Minimum covariance coverage value   0.100


     PROPORTION OF DATA PRESENT FOR U


           Covariance Coverage
              DO1           DO2           DO3           DO4           DO5
              ________      ________      ________      ________      ________
 DO1            1.000
 DO2            1.000         1.000
 DO3            0.996         0.996         0.996
 DO4            0.996         0.996         0.992         0.996
 DO5            1.000         1.000         0.996         0.996         1.000
 DO6            1.000         1.000         0.996         0.996         1.000
 DO7            0.996         0.996         0.992         0.992         0.996


           Covariance Coverage
              DO6           DO7
              ________      ________
 DO6            1.000
 DO7            0.996         0.996


UNIVARIATE PROPORTIONS AND COUNTS FOR CATEGORICAL VARIABLES

    DO1
      Category 1    0.445          106.000
      Category 2    0.555          132.000
    DO2
      Category 1    0.924          220.000
      Category 2    0.076           18.000
    DO3
      Category 1    0.430          102.000
      Category 2    0.570          135.000
    DO4
      Category 1    0.591          140.000
      Category 2    0.409           97.000
    DO5
      Category 1    0.492          117.000
      Category 2    0.508          121.000
    DO6
      Category 1    0.681          162.000
      Category 2    0.319           76.000
    DO7
      Category 1    0.578          137.000
      Category 2    0.422          100.000


RANDOM STARTS RESULTS RANKED FROM THE BEST TO THE WORST LOGLIKELIHOOD VALUES

Final stage loglikelihood values at local maxima, seeds, and initial stage start numbers:

            -970.187  1548             384
            -970.187  640833           434
            -970.300  40340            188
            -970.339  416250           390
            -970.423  422103           62
            -971.058  635245           121
            -971.058  569131           26
            -971.058  898745           466
            -971.058  396795           323
            -971.060  824126           287
            -971.060  89970            223
            -971.084  966014           37
            -971.084  464179           106
            -971.221  485256           371
            -971.221  804660           260
            -971.257  728038           177
            -971.266  197223           332
            -971.432  691234           250
            -971.780  377504           294
            -971.781  575700           100
            -971.827  76451            211
            -971.829  518828           432
            -972.048  967237           48
            -972.079  903420           5
            -972.079  268896           124
            -972.105  366706           29
            -972.149  414828           322
            -972.321  354559           73
            -972.324  848163           47
            -973.007  407168           44
            -973.223  127215           9
            -973.324  370466           41
            -973.815  608496           4
            -974.233  576596           99
            -974.550  595153           230
            -974.575  392407           221
            -975.809  85114            385

63 perturbed starting value run(s) did not converge or were rejected in the third stage.



THE BEST LOGLIKELIHOOD VALUE HAS BEEN REPLICATED.  RERUN WITH AT LEAST TWICE THE
RANDOM STARTS TO CHECK THAT THE BEST LOGLIKELIHOOD IS STILL OBTAINED AND REPLICATED.

     IN THE OPTIMIZATION, ONE OR MORE LOGIT THRESHOLDS APPROACHED EXTREME VALUES
     OF -15.000 AND 15.000 AND WERE FIXED TO STABILIZE MODEL ESTIMATION.  THESE
     VALUES IMPLY PROBABILITIES OF 0 AND 1.  IN THE MODEL RESULTS SECTION, THESE
     PARAMETERS HAVE 0 STANDARD ERRORS AND 999 IN THE Z-SCORE AND P-VALUE COLUMNS.




THE MODEL ESTIMATION TERMINATED NORMALLY



MODEL FIT INFORMATION

Number of Free Parameters                       47

Loglikelihood

          H0 Value                        -970.187
          H0 Scaling Correction Factor      1.0720
            for MLR

Information Criteria

          Akaike (AIC)                    2034.375
          Bayesian (BIC)                  2197.572
          Sample-Size Adjusted BIC        2048.596
            (n* = (n + 2) / 24)

Chi-Square Test of Model Fit for the Binary and Ordered Categorical
(Ordinal) Outcomes

          Pearson Chi-Square

          Value                             58.841
          Degrees of Freedom                    80
          P-Value                           0.9636

          Likelihood Ratio Chi-Square

          Value                             49.615
          Degrees of Freedom                    80
          P-Value                           0.9970

Chi-Square Test for MCAR under the Unrestricted Latent Class Indicator Model

          Pearson Chi-Square

          Value                             51.173
          Degrees of Freedom                   189
          P-Value                           1.0000

          Likelihood Ratio Chi-Square

          Value                             17.183
          Degrees of Freedom                   189
          P-Value                           1.0000



FINAL CLASS COUNTS AND PROPORTIONS FOR THE LATENT CLASSES
BASED ON THE ESTIMATED MODEL

    Latent
   Classes

       1          7.16013          0.03008
       2        106.45411          0.44729
       3         91.95706          0.38637
       4         11.39676          0.04789
       5         12.76184          0.05362
       6          8.27010          0.03475


FINAL CLASS COUNTS AND PROPORTIONS FOR THE LATENT CLASSES
BASED ON ESTIMATED POSTERIOR PROBABILITIES

    Latent
   Classes

       1          7.16013          0.03008
       2        106.45411          0.44729
       3         91.95706          0.38637
       4         11.39676          0.04789
       5         12.76184          0.05362
       6          8.27010          0.03475


FINAL CLASS COUNTS AND PROPORTIONS FOR THE LATENT CLASSES
BASED ON THEIR MOST LIKELY LATENT CLASS MEMBERSHIP

Class Counts and Proportions

    Latent
   Classes

       1                5          0.02101
       2              101          0.42437
       3              100          0.42017
       4               15          0.06303
       5                9          0.03782
       6                8          0.03361


CLASSIFICATION QUALITY

     Entropy                         0.809


Average Latent Class Probabilities for Most Likely Latent Class Membership (Row)
by Latent Class (Column)

           1        2        3        4        5        6

    1   0.874    0.110    0.016    0.000    0.000    0.000
    2   0.014    0.884    0.066    0.007    0.029    0.000
    3   0.013    0.118    0.840    0.004    0.021    0.003
    4   0.000    0.261    0.045    0.686    0.007    0.000
    5   0.000    0.104    0.051    0.002    0.843    0.000
    6   0.000    0.000    0.009    0.000    0.000    0.991


Classification Probabilities for the Most Likely Latent Class Membership (Column)
by Latent Class (Row)

           1        2        3        4        5        6

    1   0.610    0.204    0.186    0.000    0.000    0.000
    2   0.005    0.839    0.110    0.037    0.009    0.000
    3   0.001    0.072    0.914    0.007    0.005    0.001
    4   0.000    0.058    0.037    0.903    0.002    0.000
    5   0.000    0.231    0.166    0.008    0.594    0.000
    6   0.000    0.000    0.042    0.000    0.000    0.958


Logits for the Classification Probabilities for the Most Likely Latent Class Membership (Column)
by Latent Class (Row)

              1        2        3        4        5        6

    1     13.321   12.226   12.133    0.000    0.000    0.000
    2      8.554   13.640   11.612   10.514    9.081    0.000
    3      0.056    4.482    7.019    2.197    1.805    0.000
    4      0.000   10.972   10.506   13.714    7.553    0.000
    5      0.000   12.349   12.022    9.040   13.295    0.000
    6    -13.773  -13.773   -3.133  -13.773  -13.773    0.000


MODEL RESULTS

                                                    Two-Tailed
                    Estimate       S.E.  Est./S.E.    P-Value

Latent Class 1

 Thresholds
    DO1$1             15.000      0.000    999.000    999.000
    DO2$1              1.822      1.450      1.256      0.209
    DO3$1            -15.000      0.000    999.000    999.000
    DO4$1             15.000      0.000    999.000    999.000
    DO5$1             -1.476      2.693     -0.548      0.583
    DO6$1             -1.192      1.819     -0.655      0.512
    DO7$1            -15.000      0.000    999.000    999.000

Latent Class 2

 Thresholds
    DO1$1             -0.891      0.291     -3.064      0.002
    DO2$1             15.000      0.000    999.000    999.000
    DO3$1             -0.936      0.353     -2.648      0.008
    DO4$1             -0.433      0.321     -1.349      0.177
    DO5$1             -1.577      0.861     -1.832      0.067
    DO6$1              1.016      0.272      3.730      0.000
    DO7$1              0.723      0.314      2.303      0.021

Latent Class 3

 Thresholds
    DO1$1              0.692      0.396      1.749      0.080
    DO2$1              3.730      0.993      3.755      0.000
    DO3$1              0.601      0.347      1.735      0.083
    DO4$1              0.998      0.413      2.416      0.016
    DO5$1              3.193      2.027      1.576      0.115
    DO6$1              1.210      0.361      3.350      0.001
    DO7$1             -0.491      0.323     -1.518      0.129

Latent Class 4

 Thresholds
    DO1$1             -2.282      2.968     -0.769      0.442
    DO2$1             15.000      0.000    999.000    999.000
    DO3$1             -5.429    135.631     -0.040      0.968
    DO4$1             15.000      0.000    999.000    999.000
    DO5$1             -0.569      1.150     -0.495      0.621
    DO6$1            -15.000      0.000    999.000    999.000
    DO7$1             15.000      0.000    999.000    999.000

Latent Class 5

 Thresholds
    DO1$1             -1.579      1.326     -1.190      0.234
    DO2$1             -0.062      2.230     -0.028      0.978
    DO3$1             15.000      0.000    999.000    999.000
    DO4$1             15.000      0.000    999.000    999.000
    DO5$1             -0.890      1.477     -0.603      0.547
    DO6$1              0.542      0.928      0.584      0.559
    DO7$1             15.000      0.000    999.000    999.000

Latent Class 6

 Thresholds
    DO1$1             -0.388      0.717     -0.541      0.588
    DO2$1            -15.000      0.000    999.000    999.000
    DO3$1            -15.000      0.000    999.000    999.000
    DO4$1            -15.000      0.000    999.000    999.000
    DO5$1             -1.703      1.342     -1.269      0.204
    DO6$1             -0.424      0.841     -0.504      0.614
    DO7$1              1.639      1.113      1.473      0.141

Categorical Latent Variables

 Means
    C#1               -0.144      0.759     -0.190      0.849
    C#2                2.555      0.421      6.065      0.000
    C#3                2.409      0.454      5.310      0.000
    C#4                0.321      0.671      0.478      0.633
    C#5                0.434      1.126      0.385      0.700


QUALITY OF NUMERICAL RESULTS

     Condition Number for the Information Matrix              0.173E-05
       (ratio of smallest to largest eigenvalue)


RESULTS IN PROBABILITY SCALE

                                                    Two-Tailed
                    Estimate       S.E.  Est./S.E.    P-Value

Latent Class 1

 DO1
    Category 1         1.000      0.000      0.000      1.000
    Category 2         0.000      0.000      0.000      1.000
 DO2
    Category 1         0.861      0.174      4.953      0.000
    Category 2         0.139      0.174      0.801      0.423
 DO3
    Category 1         0.000      0.000      0.000      1.000
    Category 2         1.000      0.000      0.000      1.000
 DO4
    Category 1         1.000      0.000      0.000      1.000
    Category 2         0.000      0.000      0.000      1.000
 DO5
    Category 1         0.186      0.408      0.456      0.648
    Category 2         0.814      0.408      1.997      0.046
 DO6
    Category 1         0.233      0.325      0.717      0.474
    Category 2         0.767      0.325      2.361      0.018
 DO7
    Category 1         0.000      0.000      0.000      1.000
    Category 2         1.000      0.000      0.000      1.000

Latent Class 2

 DO1
    Category 1         0.291      0.060      4.850      0.000
    Category 2         0.709      0.060     11.821      0.000
 DO2
    Category 1         1.000      0.000      0.000      1.000
    Category 2         0.000      0.000      0.000      1.000
 DO3
    Category 1         0.282      0.072      3.941      0.000
    Category 2         0.718      0.072     10.044      0.000
 DO4
    Category 1         0.393      0.077      5.140      0.000
    Category 2         0.607      0.077      7.923      0.000
 DO5
    Category 1         0.171      0.122      1.402      0.161
    Category 2         0.829      0.122      6.785      0.000
 DO6
    Category 1         0.734      0.053     13.813      0.000
    Category 2         0.266      0.053      5.001      0.000
 DO7
    Category 1         0.673      0.069      9.752      0.000
    Category 2         0.327      0.069      4.735      0.000

Latent Class 3

 DO1
    Category 1         0.666      0.088      7.573      0.000
    Category 2         0.334      0.088      3.789      0.000
 DO2
    Category 1         0.977      0.023     42.983      0.000
    Category 2         0.023      0.023      1.031      0.303
 DO3
    Category 1         0.646      0.079      8.150      0.000
    Category 2         0.354      0.079      4.466      0.000
 DO4
    Category 1         0.731      0.081      8.987      0.000
    Category 2         0.269      0.081      3.313      0.001
 DO5
    Category 1         0.961      0.077     12.518      0.000
    Category 2         0.039      0.077      0.514      0.608
 DO6
    Category 1         0.770      0.064     12.054      0.000
    Category 2         0.230      0.064      3.594      0.000
 DO7
    Category 1         0.380      0.076      4.990      0.000
    Category 2         0.620      0.076      8.149      0.000

Latent Class 4

 DO1
    Category 1         0.093      0.249      0.371      0.710
    Category 2         0.907      0.249      3.637      0.000
 DO2
    Category 1         1.000      0.000      0.000      1.000
    Category 2         0.000      0.000      0.000      1.000
 DO3
    Category 1         0.004      0.590      0.007      0.994
    Category 2         0.996      0.590      1.687      0.092
 DO4
    Category 1         1.000      0.000      0.000      1.000
    Category 2         0.000      0.000      0.000      1.000
 DO5
    Category 1         0.362      0.265      1.362      0.173
    Category 2         0.638      0.265      2.406      0.016
 DO6
    Category 1         0.000      0.000      0.000      1.000
    Category 2         1.000      0.000      0.000      1.000
 DO7
    Category 1         1.000      0.000      0.000      1.000
    Category 2         0.000      0.000      0.000      1.000

Latent Class 5

 DO1
    Category 1         0.171      0.188      0.910      0.363
    Category 2         0.829      0.188      4.410      0.000
 DO2
    Category 1         0.484      0.557      0.870      0.384
    Category 2         0.516      0.557      0.926      0.355
 DO3
    Category 1         1.000      0.000      0.000      1.000
    Category 2         0.000      0.000      0.000      1.000
 DO4
    Category 1         1.000      0.000      0.000      1.000
    Category 2         0.000      0.000      0.000      1.000
 DO5
    Category 1         0.291      0.305      0.955      0.339
    Category 2         0.709      0.305      2.326      0.020
 DO6
    Category 1         0.632      0.216      2.930      0.003
    Category 2         0.368      0.216      1.704      0.088
 DO7
    Category 1         1.000      0.000      0.000      1.000
    Category 2         0.000      0.000      0.000      1.000

Latent Class 6

 DO1
    Category 1         0.404      0.173      2.342      0.019
    Category 2         0.596      0.173      3.452      0.001
 DO2
    Category 1         0.000      0.000      0.000      1.000
    Category 2         1.000      0.000      0.000      1.000
 DO3
    Category 1         0.000      0.000      0.000      1.000
    Category 2         1.000      0.000      0.000      1.000
 DO4
    Category 1         0.000      0.000      0.000      1.000
    Category 2         1.000      0.000      0.000      1.000
 DO5
    Category 1         0.154      0.175      0.881      0.378
    Category 2         0.846      0.175      4.836      0.000
 DO6
    Category 1         0.396      0.201      1.968      0.049
    Category 2         0.604      0.201      3.006      0.003
 DO7
    Category 1         0.837      0.152      5.527      0.000
    Category 2         0.163      0.152      1.073      0.283


LATENT CLASS INDICATOR ODDS RATIOS FOR THE LATENT CLASSES

                                                95% C.I.
                    Estimate       S.E.  Lower 2.5% Upper 2.5%

Latent Class 1 Compared to Latent Class 2

 DO1
    Category > 1       0.000      0.000      0.000      0.000
 DO2
    Category > 1   *********      0.000  *********  *********
 DO3
    Category > 1   *********      0.000  *********  *********
 DO4
    Category > 1       0.000      0.000      0.000      0.000
 DO5
    Category > 1       0.904      2.467      0.004    189.739
 DO6
    Category > 1       9.099     16.854      0.241    343.311
 DO7
    Category > 1   *********      0.000  *********  *********

Latent Class 1 Compared to Latent Class 3

 DO1
    Category > 1       0.000      0.000      0.000      0.000
 DO2
    Category > 1       6.743     12.019      0.205    221.913
 DO3
    Category > 1   *********      0.000  *********  *********
 DO4
    Category > 1       0.000      0.000      0.000      0.000
 DO5
    Category > 1     106.690    346.413      0.184  61935.793
 DO6
    Category > 1      11.048     21.045      0.264    462.061
 DO7
    Category > 1   *********      0.000  *********  *********

Latent Class 1 Compared to Latent Class 4

 DO1
    Category > 1       0.000      0.000      0.000      0.000
 DO2
    Category > 1   *********      0.000  *********  *********
 DO3
    Category > 1   14346.215  *********      0.000  *********
 DO4
    Category > 1       1.000      0.000      1.000      1.000
 DO5
    Category > 1       2.479      6.940      0.010    599.149
 DO6
    Category > 1       0.000      0.000      0.000      0.000
 DO7
    Category > 1   *********      0.000  *********  *********

Latent Class 1 Compared to Latent Class 5

 DO1
    Category > 1       0.000      0.000      0.000      0.000
 DO2
    Category > 1       0.152      0.410      0.001     30.072
 DO3
    Category > 1   *********      0.000  *********  *********
 DO4
    Category > 1       1.000      0.000      1.000      1.000
 DO5
    Category > 1       1.798      5.715      0.004    912.697
 DO6
    Category > 1       5.663     11.723      0.098    327.383
 DO7
    Category > 1   *********      0.000  *********  *********

Latent Class 1 Compared to Latent Class 6

 DO1
    Category > 1       0.000      0.000      0.000      0.000
 DO2
    Category > 1       0.000      0.000      0.000      0.000
 DO3
    Category > 1       1.000      0.000      1.000      1.000
 DO4
    Category > 1       0.000      0.000      0.000      0.000
 DO5
    Category > 1       0.797      2.366      0.002    267.680
 DO6
    Category > 1       2.157      4.330      0.042    110.387
 DO7
    Category > 1   *********      0.000  *********  *********

Latent Class 2 Compared to Latent Class 3

 DO1
    Category > 1       4.871      2.368      1.878     12.629
 DO2
    Category > 1       0.000      0.000      0.000      0.000
 DO3
    Category > 1       4.651      2.103      1.917     11.282
 DO4
    Category > 1       4.182      2.265      1.447     12.088
 DO5
    Category > 1     117.982    240.069      2.187   6366.064
 DO6
    Category > 1       1.214      0.607      0.456      3.233
 DO7
    Category > 1       0.297      0.134      0.123      0.719

Latent Class 2 Compared to Latent Class 4

 DO1
    Category > 1       0.249      0.754      0.001     94.900
 DO2
    Category > 1       1.000      0.000      1.000      1.000
 DO3
    Category > 1       0.011      1.516      0.000  *********
 DO4
    Category > 1   *********      0.000  *********  *********
 DO5
    Category > 1       2.741      4.199      0.136     55.212
 DO6
    Category > 1       0.000      0.000      0.000      0.000
 DO7
    Category > 1   *********      0.000  *********  *********

Latent Class 2 Compared to Latent Class 5

 DO1
    Category > 1       0.503      0.692      0.034      7.468
 DO2
    Category > 1       0.000      0.000      0.000      0.000
 DO3
    Category > 1   *********      0.000  *********  *********
 DO4
    Category > 1   *********      0.000  *********  *********
 DO5
    Category > 1       1.988      3.132      0.091     43.563
 DO6
    Category > 1       0.622      0.612      0.091      4.278
 DO7
    Category > 1   *********      0.000  *********  *********

Latent Class 2 Compared to Latent Class 6

 DO1
    Category > 1       1.654      1.279      0.363      7.535
 DO2
    Category > 1       0.000      0.000      0.000      0.000
 DO3
    Category > 1       0.000      0.000      0.000      0.000
 DO4
    Category > 1       0.000      0.000      0.000      0.000
 DO5
    Category > 1       0.882      1.340      0.045     17.354
 DO6
    Category > 1       0.237      0.210      0.042      1.348
 DO7
    Category > 1       2.501      2.880      0.262     23.893

Latent Class 3 Compared to Latent Class 4

 DO1
    Category > 1       0.051      0.151      0.000     16.625
 DO2
    Category > 1   78398.859      0.000  78398.859  78398.859
 DO3
    Category > 1       0.002      0.326      0.000  *********
 DO4
    Category > 1   *********      0.000  *********  *********
 DO5
    Category > 1       0.023      0.052      0.000      1.798
 DO6
    Category > 1       0.000      0.000      0.000      0.000
 DO7
    Category > 1   *********      0.000  *********  *********

Latent Class 3 Compared to Latent Class 5

 DO1
    Category > 1       0.103      0.148      0.006      1.718
 DO2
    Category > 1       0.023      0.055      0.000      2.725
 DO3
    Category > 1   *********      0.000  *********  *********
 DO4
    Category > 1   *********      0.000  *********  *********
 DO5
    Category > 1       0.017      0.046      0.000      3.567
 DO6
    Category > 1       0.513      0.521      0.070      3.753
 DO7
    Category > 1   *********      0.000  *********  *********

Latent Class 3 Compared to Latent Class 6

 DO1
    Category > 1       0.340      0.280      0.067      1.710
 DO2
    Category > 1       0.000      0.000      0.000      0.000
 DO3
    Category > 1       0.000      0.000      0.000      0.000
 DO4
    Category > 1       0.000      0.000      0.000      0.000
 DO5
    Category > 1       0.007      0.018      0.000      0.917
 DO6
    Category > 1       0.195      0.178      0.033      1.163
 DO7
    Category > 1       8.414      9.781      0.862     82.130

Latent Class 4 Compared to Latent Class 5

 DO1
    Category > 1       2.020      7.355      0.002   2537.501
 DO2
    Category > 1       0.000      0.000      0.000      0.000
 DO3
    Category > 1   *********  *********      0.000  *********
 DO4
    Category > 1       1.000      0.000      1.000      1.000
 DO5
    Category > 1       0.725      1.628      0.009     58.937
 DO6
    Category > 1   *********      0.000  *********  *********
 DO7
    Category > 1       1.000      0.000      1.000      1.000

Latent Class 4 Compared to Latent Class 6

 DO1
    Category > 1       6.646     20.263      0.017   2616.435
 DO2
    Category > 1       0.000      0.000      0.000      0.000
 DO3
    Category > 1       0.000      0.009      0.000  *********
 DO4
    Category > 1       0.000      0.000      0.000      0.000
 DO5
    Category > 1       0.322      0.578      0.010     10.860
 DO6
    Category > 1   *********      0.000  *********  *********
 DO7
    Category > 1       0.000      0.000      0.000      0.000

Latent Class 5 Compared to Latent Class 6

 DO1
    Category > 1       3.290      4.905      0.177     61.118
 DO2
    Category > 1       0.000      0.000      0.000      0.000
 DO3
    Category > 1       0.000      0.000      0.000      0.000
 DO4
    Category > 1       0.000      0.000      0.000      0.000
 DO5
    Category > 1       0.443      0.855      0.010     19.394
 DO6
    Category > 1       0.381      0.493      0.030      4.806
 DO7
    Category > 1       0.000      0.000      0.000      0.000


MODEL COMMAND WITH FINAL ESTIMATES USED AS STARTING VALUES

     %OVERALL%

     [ c#1*-0.14412 ];
     [ c#2*2.55507 ];
     [ c#3*2.40867 ];
     [ c#4*0.32068 ];
     [ c#5*0.43381 ];

     %C#1%

     [ do1$1*15 ];
     [ do2$1*1.82199 ];
     [ do3$1*-15 ];
     [ do4$1*15 ];
     [ do5$1*-1.47650 ];
     [ do6$1*-1.19221 ];
     [ do7$1*-15 ];

     %C#2%

     [ do1$1*-0.89085 ];
     [ do2$1*15 ];
     [ do3$1*-0.93557 ];
     [ do4$1*-0.43273 ];
     [ do5$1*-1.57710 ];
     [ do6$1*1.01594 ];
     [ do7$1*0.72251 ];

     %C#3%

     [ do1$1*0.69235 ];
     [ do2$1*3.73044 ];
     [ do3$1*0.60148 ];
     [ do4$1*0.99798 ];
     [ do5$1*3.19343 ];
     [ do6$1*1.21008 ];
     [ do7$1*-0.49055 ];

     %C#4%

     [ do1$1*-2.28201 ];
     [ do2$1*15 ];
     [ do3$1*-5.42876 ];
     [ do4$1*15 ];
     [ do5$1*-0.56874 ];
     [ do6$1*-15 ];
     [ do7$1*15 ];

     %C#5%

     [ do1$1*-1.57877 ];
     [ do2$1*-0.06224 ];
     [ do3$1*15 ];
     [ do4$1*15 ];
     [ do5$1*-0.88975 ];
     [ do6$1*0.54181 ];
     [ do7$1*15 ];

     %C#6%

     [ do1$1*-0.38792 ];
     [ do2$1*-15 ];
     [ do3$1*-15 ];
     [ do4$1*-15 ];
     [ do5$1*-1.70302 ];
     [ do6$1*-0.42370 ];
     [ do7$1*1.63936 ];



RESIDUAL OUTPUT


     RESIDUAL OUTPUT IS NOT AVAILABLE FOR THIS MODEL.  ADDITIONAL OUTPUT FOR
     CATEGORICAL, COUNT, AND NOMINAL VARIABLES MAY BE AVAILABLE USING TECH10.


TECHNICAL 11 OUTPUT

     Random Starts Specifications for the k-1 Class Analysis Model
        Number of initial stage random starts                 500
        Number of final stage optimizations                   100



     VUONG-LO-MENDELL-RUBIN LIKELIHOOD RATIO TEST FOR 5 (H0) VERSUS 6 CLASSES

          H0 Loglikelihood Value                         -974.760
          2 Times the Loglikelihood Difference              9.145
          Difference in the Number of Parameters                8
          Mean                                            -18.289
          Standard Deviation                               44.008
          P-Value                                          0.1812

     LO-MENDELL-RUBIN ADJUSTED LRT TEST

          Value                                             8.941
          P-Value                                          0.1850


TECHNICAL 14 OUTPUT

     Random Starts Specifications for the k-1 Class Analysis Model
        Number of initial stage random starts                 500
        Number of final stage optimizations                   100

     Random Starts Specification for the k-1 Class Model for Generated Data
        Number of initial stage random starts                   0
        Number of final stage optimizations for the
           initial stage random starts                          0
     Random Starts Specification for the k Class Model for Generated Data
        Number of initial stage random starts                  40
        Number of final stage optimizations                     8
     Number of bootstrap draws requested                   Varies


     PARAMETRIC BOOTSTRAPPED LIKELIHOOD RATIO TEST FOR 5 (H0) VERSUS 6 CLASSES

          H0 Loglikelihood Value                         -974.760
          2 Times the Loglikelihood Difference              9.145
          Difference in the Number of Parameters                8
          Approximate P-Value                              1.0000
          Successful Bootstrap Draws                            2


PLOT INFORMATION

The following plots are available:

  Histograms (sample values)
  Scatterplots (sample values)
  Sample proportions and estimated probabilities

     Beginning Time:  11:13:17
        Ending Time:  11:13:37
       Elapsed Time:  00:00:20



MUTHEN & MUTHEN
3463 Stoner Ave.
Los Angeles, CA  90066

Tel: (310) 391-9971
Fax: (310) 391-8971
Web: www.StatModel.com
Support: Support@StatModel.com

Copyright (c) 1998-2024 Muthen & Muthen
