Mplus VERSION 8.10
MUTHEN & MUTHEN
11/20/2024   7:48 PM

INPUT INSTRUCTIONS

  TITLE:
  2-Class (Males Only)
  DATA:
  FILE = "C:/Users/dinan/Box/TA - ED 201/Labs/ucsb-mixture-lab8/enum_males/
  db.dat";
  VARIABLE:
  NAMES = id FEMALE studyethraw ETHN_CMP do1 do2 do3 do4 do5 do6 do7 psolv1 psolv2
       psolv3 psolv4 psolv5 psolv6 psolv7 psolv8 SOC_STRS BOTHR_U negmood1 posmood1;
   MISSING=.;
   categorical = do1-do7;
  usevar = do1-do7;
  useobs = female == 0;
  classes = c(2);
  ANALYSIS:
  estimator = mlr;
      type = mixture;
      starts = 500 100;
      processors = 10;
  OUTPUT:
  sampstat residual tech11 tech14 svalues;
  PLOT:
  type = plot3;
      series = do1-do7(*);



*** WARNING in OUTPUT command
  SAMPSTAT option is not available when all outcomes are censored, ordered
  categorical, unordered categorical (nominal), count or continuous-time
  survival variables.  Request for SAMPSTAT is ignored.
*** WARNING
  Data set contains cases with missing on all variables.
  These cases were not included in the analysis.
  Number of cases with missing on all variables:  67
   2 WARNING(S) FOUND IN THE INPUT INSTRUCTIONS




2-Class (Males Only)

SUMMARY OF ANALYSIS

Number of groups                                                 1
Number of observations                                         200

Number of dependent variables                                    7
Number of independent variables                                  0
Number of continuous latent variables                            0
Number of categorical latent variables                           1

Observed dependent variables

  Binary and ordered categorical (ordinal)
   DO1         DO2         DO3         DO4         DO5         DO6
   DO7

Categorical latent variables
   C


Estimator                                                      MLR
Information matrix                                        OBSERVED
Optimization Specifications for the Quasi-Newton Algorithm for
Continuous Outcomes
  Maximum number of iterations                                 100
  Convergence criterion                                  0.100D-05
Optimization Specifications for the EM Algorithm
  Maximum number of iterations                                 500
  Convergence criteria
    Loglikelihood change                                 0.100D-06
    Relative loglikelihood change                        0.100D-06
    Derivative                                           0.100D-05
Optimization Specifications for the M step of the EM Algorithm for
Categorical Latent variables
  Number of M step iterations                                    1
  M step convergence criterion                           0.100D-05
  Basis for M step termination                           ITERATION
Optimization Specifications for the M step of the EM Algorithm for
Censored, Binary or Ordered Categorical (Ordinal), Unordered
Categorical (Nominal) and Count Outcomes
  Number of M step iterations                                    1
  M step convergence criterion                           0.100D-05
  Basis for M step termination                           ITERATION
  Maximum value for logit thresholds                            15
  Minimum value for logit thresholds                           -15
  Minimum expected cell size for chi-square              0.100D-01
Maximum number of iterations for H1                           2000
Convergence criterion for H1                             0.100D-03
Optimization algorithm                                         EMA
Random Starts Specifications
  Number of initial stage random starts                        500
  Number of final stage optimizations                          100
  Number of initial stage iterations                            10
  Initial stage convergence criterion                    0.100D+01
  Random starts scale                                    0.500D+01
  Random seed for generating random starts                       0
Link                                                         LOGIT

Input data file(s)
  C:/Users/dinan/Box/TA - ED 201/Labs/ucsb-mixture-lab8/enum_males/db.dat
Input data format  FREE


SUMMARY OF DATA

     Number of missing data patterns             5
     Number of y missing data patterns           0
     Number of u missing data patterns           5


COVARIANCE COVERAGE OF DATA

Minimum covariance coverage value   0.100


     PROPORTION OF DATA PRESENT FOR U


           Covariance Coverage
              DO1           DO2           DO3           DO4           DO5
              ________      ________      ________      ________      ________
 DO1            1.000
 DO2            1.000         1.000
 DO3            0.995         0.995         0.995
 DO4            0.990         0.990         0.985         0.990
 DO5            0.995         0.995         0.990         0.985         0.995
 DO6            0.990         0.990         0.985         0.980         0.985
 DO7            1.000         1.000         0.995         0.990         0.995


           Covariance Coverage
              DO6           DO7
              ________      ________
 DO6            0.990
 DO7            0.990         1.000


UNIVARIATE PROPORTIONS AND COUNTS FOR CATEGORICAL VARIABLES

    DO1
      Category 1    0.580          116.000
      Category 2    0.420           84.000
    DO2
      Category 1    0.900          180.000
      Category 2    0.100           20.000
    DO3
      Category 1    0.553          110.000
      Category 2    0.447           89.000
    DO4
      Category 1    0.576          114.000
      Category 2    0.424           84.000
    DO5
      Category 1    0.472           94.000
      Category 2    0.528          105.000
    DO6
      Category 1    0.889          176.000
      Category 2    0.111           22.000
    DO7
      Category 1    0.605          121.000
      Category 2    0.395           79.000


RANDOM STARTS RESULTS RANKED FROM THE BEST TO THE WORST LOGLIKELIHOOD VALUES

Final stage loglikelihood values at local maxima, seeds, and initial stage start numbers:

            -779.575  197223           332
            -779.575  232559           136
            -779.575  340112           126
            -779.575  939021           8
            -779.575  415931           10
            -779.575  360419           356
            -779.575  535063           329
            -779.575  928287           197
            -779.575  471438           252
            -779.575  772131           407
            -779.575  123985           248
            -779.575  965639           463
            -779.575  957392           79
            -779.575  728038           177
            -779.575  802682           419
            -779.575  366706           29
            -779.575  570908           98
            -779.575  466971           109
            -779.575  749635           420
            -779.575  464179           106
            -779.575  206099           363
            -779.575  40340            188
            -779.575  286735           175
            -779.575  652266           490
            -779.575  303634           169
            -779.575  150531           154
            -779.575  626891           32
            -779.575  595153           230
            -779.575  153942           31
            -779.575  392407           221
            -779.575  790452           303
            -779.575  565819           65
            -779.575  667250           318
            -779.575  347515           24
            -779.575  496710           386
            -779.575  722748           346
            -779.575  127215           9
            -779.575  840031           276
            -779.575  783102           433
            -779.575  320494           465
            -779.575  39136            226
            -779.575  508482           446
            -779.575  801717           364
            -779.575  726035           191
            -779.575  848969           173
            -779.575  846194           93
            -779.575  695155           150
            -779.575  797594           234
            -779.575  85462            51
            -779.575  621542           375
            -779.575  195763           358
            -779.575  175199           247
            -779.575  61587            400
            -779.575  414828           322
            -779.575  136842           58
            -779.575  608460           244
            -779.575  937588           293
            -779.575  879338           309
            -779.575  317640           437
            -779.575  835767           210
            -779.575  622860           259
            -779.575  415502           194
            -779.575  82357            339
            -779.575  374219           353
            -779.575  752769           253
            -779.575  618760           489
            -779.575  462228           298
            -779.575  787985           482
            -779.575  648555           113
            -779.575  741888           138
            -779.575  436460           89
            -779.575  402224           91
            -779.575  85734            411
            -779.575  292884           103
            -779.575  468036           131
            -779.575  49221            254
            -779.575  404426           344
            -779.575  471040           403
            -779.575  840078           203
            -779.575  863691           481
            -779.575  765392           382
            -779.575  614009           317
            -779.575  972430           491
            -779.575  520177           262
            -779.575  544048           87
            -779.575  830392           35
            -779.575  533738           11
            -779.575  411615           171
            -779.575  614535           449
            -779.575  50887            389
            -779.575  70118            104
            -779.575  850840           232
            -779.575  823392           479
            -779.575  425982           485
            -779.575  754100           56
            -779.575  69413            472
            -779.575  824126           287
            -779.575  264935           281
            -779.575  888905           444
            -779.575  569131           26



THE BEST LOGLIKELIHOOD VALUE HAS BEEN REPLICATED.  RERUN WITH AT LEAST TWICE THE
RANDOM STARTS TO CHECK THAT THE BEST LOGLIKELIHOOD IS STILL OBTAINED AND REPLICATED.


THE MODEL ESTIMATION TERMINATED NORMALLY



MODEL FIT INFORMATION

Number of Free Parameters                       15

Loglikelihood

          H0 Value                        -779.575
          H0 Scaling Correction Factor      1.0793
            for MLR

Information Criteria

          Akaike (AIC)                    1589.149
          Bayesian (BIC)                  1638.624
          Sample-Size Adjusted BIC        1591.102
            (n* = (n + 2) / 24)

Chi-Square Test of Model Fit for the Binary and Ordered Categorical
(Ordinal) Outcomes

          Pearson Chi-Square

          Value                            220.930
          Degrees of Freedom                   112
          P-Value                           0.0000

          Likelihood Ratio Chi-Square

          Value                            130.767
          Degrees of Freedom                   112
          P-Value                           0.1086

Chi-Square Test for MCAR under the Unrestricted Latent Class Indicator Model

          Pearson Chi-Square

          Value                             82.372
          Degrees of Freedom                   252
          P-Value                           1.0000

          Likelihood Ratio Chi-Square

          Value                             31.676
          Degrees of Freedom                   252
          P-Value                           1.0000



FINAL CLASS COUNTS AND PROPORTIONS FOR THE LATENT CLASSES
BASED ON THE ESTIMATED MODEL

    Latent
   Classes

       1         60.21103          0.30106
       2        139.78897          0.69894


FINAL CLASS COUNTS AND PROPORTIONS FOR THE LATENT CLASSES
BASED ON ESTIMATED POSTERIOR PROBABILITIES

    Latent
   Classes

       1         60.21103          0.30106
       2        139.78897          0.69894


FINAL CLASS COUNTS AND PROPORTIONS FOR THE LATENT CLASSES
BASED ON THEIR MOST LIKELY LATENT CLASS MEMBERSHIP

Class Counts and Proportions

    Latent
   Classes

       1               59          0.29500
       2              141          0.70500


CLASSIFICATION QUALITY

     Entropy                         0.674


Average Latent Class Probabilities for Most Likely Latent Class Membership (Row)
by Latent Class (Column)

           1        2

    1   0.850    0.150
    2   0.071    0.929


Classification Probabilities for the Most Likely Latent Class Membership (Column)
by Latent Class (Row)

           1        2

    1   0.833    0.167
    2   0.063    0.937


Logits for the Classification Probabilities for the Most Likely Latent Class Membership (Column)
by Latent Class (Row)

              1        2

    1      1.610    0.000
    2     -2.698    0.000


MODEL RESULTS

                                                    Two-Tailed
                    Estimate       S.E.  Est./S.E.    P-Value

Latent Class 1

 Thresholds
    DO1$1              1.642      0.608      2.699      0.007
    DO2$1              3.742      1.576      2.374      0.018
    DO3$1              2.789      1.620      1.722      0.085
    DO4$1              2.794      1.698      1.645      0.100
    DO5$1              1.826      0.724      2.520      0.012
    DO6$1              3.918      1.311      2.990      0.003
    DO7$1             -0.175      0.385     -0.455      0.649

Latent Class 2

 Thresholds
    DO1$1             -0.124      0.219     -0.569      0.569
    DO2$1              1.874      0.275      6.809      0.000
    DO3$1             -0.468      0.237     -1.975      0.048
    DO4$1             -0.334      0.225     -1.485      0.138
    DO5$1             -0.815      0.300     -2.719      0.007
    DO6$1              1.733      0.274      6.334      0.000
    DO7$1              0.704      0.249      2.828      0.005

Categorical Latent Variables

 Means
    C#1               -0.842      0.378     -2.229      0.026


QUALITY OF NUMERICAL RESULTS

     Condition Number for the Information Matrix              0.865E-02
       (ratio of smallest to largest eigenvalue)


RESULTS IN PROBABILITY SCALE

                                                    Two-Tailed
                    Estimate       S.E.  Est./S.E.    P-Value

Latent Class 1

 DO1
    Category 1         0.838      0.083     10.136      0.000
    Category 2         0.162      0.083      1.962      0.050
 DO2
    Category 1         0.977      0.036     27.392      0.000
    Category 2         0.023      0.036      0.650      0.516
 DO3
    Category 1         0.942      0.088     10.658      0.000
    Category 2         0.058      0.088      0.655      0.512
 DO4
    Category 1         0.942      0.092     10.211      0.000
    Category 2         0.058      0.092      0.625      0.532
 DO5
    Category 1         0.861      0.087      9.948      0.000
    Category 2         0.139      0.087      1.603      0.109
 DO6
    Category 1         0.981      0.025     39.144      0.000
    Category 2         0.019      0.025      0.778      0.436
 DO7
    Category 1         0.456      0.095      4.779      0.000
    Category 2         0.544      0.095      5.693      0.000

Latent Class 2

 DO1
    Category 1         0.469      0.054      8.616      0.000
    Category 2         0.531      0.054      9.757      0.000
 DO2
    Category 1         0.867      0.032     27.302      0.000
    Category 2         0.133      0.032      4.192      0.000
 DO3
    Category 1         0.385      0.056      6.866      0.000
    Category 2         0.615      0.056     10.962      0.000
 DO4
    Category 1         0.417      0.055      7.632      0.000
    Category 2         0.583      0.055     10.657      0.000
 DO5
    Category 1         0.307      0.064      4.812      0.000
    Category 2         0.693      0.064     10.871      0.000
 DO6
    Category 1         0.850      0.035     24.334      0.000
    Category 2         0.150      0.035      4.301      0.000
 DO7
    Category 1         0.669      0.055     12.139      0.000
    Category 2         0.331      0.055      6.005      0.000


LATENT CLASS INDICATOR ODDS RATIOS FOR THE LATENT CLASSES

                                                95% C.I.
                    Estimate       S.E.  Lower 2.5% Upper 2.5%

Latent Class 1 Compared to Latent Class 2

 DO1
    Category > 1       0.171      0.116      0.045      0.644
 DO2
    Category > 1       0.154      0.253      0.006      3.840
 DO3
    Category > 1       0.039      0.062      0.002      0.908
 DO4
    Category > 1       0.044      0.074      0.002      1.215
 DO5
    Category > 1       0.071      0.055      0.016      0.325
 DO6
    Category > 1       0.112      0.154      0.008      1.651
 DO7
    Category > 1       2.408      1.302      0.835      6.947


MODEL COMMAND WITH FINAL ESTIMATES USED AS STARTING VALUES

     %OVERALL%

     [ c#1*-0.84228 ];

     %C#1%

     [ do1$1*1.64216 ];
     [ do2$1*3.74162 ];
     [ do3$1*2.78911 ];
     [ do4$1*2.79353 ];
     [ do5$1*1.82568 ];
     [ do6$1*3.91801 ];
     [ do7$1*-0.17504 ];

     %C#2%

     [ do1$1*-0.12438 ];
     [ do2$1*1.87387 ];
     [ do3$1*-0.46786 ];
     [ do4$1*-0.33394 ];
     [ do5$1*-0.81508 ];
     [ do6$1*1.73310 ];
     [ do7$1*0.70379 ];



RESIDUAL OUTPUT


     RESIDUAL OUTPUT IS NOT AVAILABLE FOR THIS MODEL.  ADDITIONAL OUTPUT FOR
     CATEGORICAL, COUNT, AND NOMINAL VARIABLES MAY BE AVAILABLE USING TECH10.


TECHNICAL 11 OUTPUT

     Random Starts Specifications for the k-1 Class Analysis Model
        Number of initial stage random starts                 500
        Number of final stage optimizations                   100



     VUONG-LO-MENDELL-RUBIN LIKELIHOOD RATIO TEST FOR 1 (H0) VERSUS 2 CLASSES

          H0 Loglikelihood Value                         -813.750
          2 Times the Loglikelihood Difference             68.351
          Difference in the Number of Parameters                8
          Mean                                             12.302
          Standard Deviation                                9.798
          P-Value                                          0.0011

     LO-MENDELL-RUBIN ADJUSTED LRT TEST

          Value                                            66.776
          P-Value                                          0.0013


TECHNICAL 14 OUTPUT

     Random Starts Specifications for the k-1 Class Analysis Model
        Number of initial stage random starts                 500
        Number of final stage optimizations                   100

     Random Starts Specification for the k-1 Class Model for Generated Data
        Number of initial stage random starts                   0
        Number of final stage optimizations for the
           initial stage random starts                          0
     Random Starts Specification for the k Class Model for Generated Data
        Number of initial stage random starts                  40
        Number of final stage optimizations                     8
     Number of bootstrap draws requested                   Varies


     PARAMETRIC BOOTSTRAPPED LIKELIHOOD RATIO TEST FOR 1 (H0) VERSUS 2 CLASSES

          H0 Loglikelihood Value                         -813.750
          2 Times the Loglikelihood Difference             68.351
          Difference in the Number of Parameters                8
          Approximate P-Value                              0.0000
          Successful Bootstrap Draws                           10


PLOT INFORMATION

The following plots are available:

  Histograms (sample values)
  Scatterplots (sample values)
  Sample proportions and estimated probabilities

     Beginning Time:  19:48:47
        Ending Time:  19:49:06
       Elapsed Time:  00:00:19



MUTHEN & MUTHEN
3463 Stoner Ave.
Los Angeles, CA  90066

Tel: (310) 391-9971
Fax: (310) 391-8971
Web: www.StatModel.com
Support: Support@StatModel.com

Copyright (c) 1998-2023 Muthen & Muthen
