Mplus VERSION 8.11
MUTHEN & MUTHEN
11/20/2024  11:17 AM

INPUT INSTRUCTIONS

  TITLE:
  LCA 1-Class (Entire Sample)
  DATA:
  FILE = "C:/Users/dnajiarch/Box/TA - ED 201/Labs/mg_invar/enum_total/
  db.dat";
  VARIABLE:
  NAMES = id FEMALE studyethraw ETHN_CMP do1 do2 do3 do4 do5 do6 do7 psolv1 psolv2
       psolv3 psolv4 psolv5 psolv6 psolv7 psolv8 SOC_STRS BOTHR_U negmood1 posmood1;
   MISSING=.;
   categorical = do1-do7;
  usevar = do1-do7;
  classes = c(1);
  ANALYSIS:
  estimator = mlr;
      type = mixture;
      starts = 500 100;
      processors = 10;
  OUTPUT:
  sampstat residual tech11 tech14 svalues;
  PLOT:
  type = plot3;
      series = do1-do7(*);



*** WARNING in OUTPUT command
  SAMPSTAT option is not available when all outcomes are censored, ordered
  categorical, unordered categorical (nominal), count or continuous-time
  survival variables.  Request for SAMPSTAT is ignored.
*** WARNING in OUTPUT command
  TECH11 option is not available for TYPE=MIXTURE with only one class.
  Request for TECH11 is ignored.
*** WARNING in OUTPUT command
  TECH14 option is not available for TYPE=MIXTURE with only one class.
  Request for TECH14 is ignored.
*** WARNING
  Data set contains cases with missing on all variables.
  These cases were not included in the analysis.
  Number of cases with missing on all variables:  143
   4 WARNING(S) FOUND IN THE INPUT INSTRUCTIONS




LCA 1-Class (Entire Sample)

SUMMARY OF ANALYSIS

Number of groups                                                 1
Number of observations                                         446

Number of dependent variables                                    7
Number of independent variables                                  0
Number of continuous latent variables                            0
Number of categorical latent variables                           1

Observed dependent variables

  Binary and ordered categorical (ordinal)
   DO1         DO2         DO3         DO4         DO5         DO6
   DO7

Categorical latent variables
   C


Estimator                                                      MLR
Information matrix                                        OBSERVED
Optimization Specifications for the Quasi-Newton Algorithm for
Continuous Outcomes
  Maximum number of iterations                                 100
  Convergence criterion                                  0.100D-05
Optimization Specifications for the EM Algorithm
  Maximum number of iterations                                 500
  Convergence criteria
    Loglikelihood change                                 0.100D-06
    Relative loglikelihood change                        0.100D-06
    Derivative                                           0.100D-05
Optimization Specifications for the M step of the EM Algorithm for
Categorical Latent variables
  Number of M step iterations                                    1
  M step convergence criterion                           0.100D-05
  Basis for M step termination                           ITERATION
Optimization Specifications for the M step of the EM Algorithm for
Censored, Binary or Ordered Categorical (Ordinal), Unordered
Categorical (Nominal) and Count Outcomes
  Number of M step iterations                                    1
  M step convergence criterion                           0.100D-05
  Basis for M step termination                           ITERATION
  Maximum value for logit thresholds                            15
  Minimum value for logit thresholds                           -15
  Minimum expected cell size for chi-square              0.100D-01
Maximum number of iterations for H1                           2000
Convergence criterion for H1                             0.100D-03
Optimization algorithm                                         EMA
Random Starts Specifications
  Number of initial stage random starts                        500
  Number of final stage optimizations                          100
  Number of initial stage iterations                            10
  Initial stage convergence criterion                    0.100D+01
  Random starts scale                                    0.500D+01
  Random seed for generating random starts                       0
Link                                                         LOGIT

Input data file(s)
  C:/Users/dnajiarch/Box/TA - ED 201/Labs/mg_invar/enum_total/db.dat
Input data format  FREE


SUMMARY OF DATA

     Number of missing data patterns             6
     Number of y missing data patterns           0
     Number of u missing data patterns           6


COVARIANCE COVERAGE OF DATA

Minimum covariance coverage value   0.100


     PROPORTION OF DATA PRESENT FOR U


           Covariance Coverage
              DO1           DO2           DO3           DO4           DO5
              ________      ________      ________      ________      ________
 DO1            1.000
 DO2            1.000         1.000
 DO3            0.996         0.996         0.996
 DO4            0.993         0.993         0.989         0.993
 DO5            0.998         0.998         0.993         0.991         0.998
 DO6            0.996         0.996         0.991         0.989         0.993
 DO7            0.998         0.998         0.993         0.991         0.996


           Covariance Coverage
              DO6           DO7
              ________      ________
 DO6            0.996
 DO7            0.993         0.998


UNIVARIATE PROPORTIONS AND COUNTS FOR CATEGORICAL VARIABLES

    DO1
      Category 1    0.507          226.000
      Category 2    0.493          220.000
    DO2
      Category 1    0.913          407.000
      Category 2    0.087           39.000
    DO3
      Category 1    0.484          215.000
      Category 2    0.516          229.000
    DO4
      Category 1    0.582          258.000
      Category 2    0.418          185.000
    DO5
      Category 1    0.485          216.000
      Category 2    0.515          229.000
    DO6
      Category 1    0.775          344.000
      Category 2    0.225          100.000
    DO7
      Category 1    0.593          264.000
      Category 2    0.407          181.000


RANDOM STARTS RESULTS RANKED FROM THE BEST TO THE WORST LOGLIKELIHOOD VALUES

Final stage loglikelihood values at local maxima, seeds, and initial stage start numbers:

           -1895.712  342019           301
           -1895.712  606576           151
           -1895.712  21132            351
           -1895.712  700349           401
           -1895.712  36714            201
           -1895.712  371246           101
           -1895.712  85462            51
           -1895.712  188640           451
           -1895.712  642909           251
           -1895.712  unperturbed      0
           -1895.712  462953           7
           -1895.712  27071            15
           -1895.712  153942           31
           -1895.712  7959             256
           -1895.712  164305           128
           -1895.712  871851           257
           -1895.712  188498           258
           -1895.712  311214           64
           -1895.712  814975           129
           -1895.712  622860           259
           -1895.712  804660           260
           -1895.712  509733           130
           -1895.712  616917           261
           -1895.712  520177           262
           -1895.712  626891           32
           -1895.712  565819           65
           -1895.712  468036           131
           -1895.712  349263           263
           -1895.712  358488           264
           -1895.712  313407           132
           -1895.712  467339           66
           -1895.712  321390           133
           -1895.712  903369           134
           -1895.712  76974            16
           -1895.712  749453           33
           -1895.712  789985           67
           -1895.712  437181           135
           -1895.712  232559           136
           -1895.712  405079           68
           -1895.712  341041           34
           -1895.712  685657           69
           -1895.712  987090           70
           -1895.712  285380           1
           -1895.712  359578           458
           -1895.712  475420           71
           -1895.712  783110           72
           -1895.712  679832           302
           -1895.712  93468            3
           -1895.712  790452           303
           -1895.712  92689            304
           -1895.712  393232           152
           -1895.712  81117            305
           -1895.712  484687           306
           -1895.712  46437            153
           -1895.712  534864           307
           -1895.712  692169           308
           -1895.712  150531           154
           -1895.712  879338           309
           -1895.712  996231           310
           -1895.712  12477            155
           -1895.712  479273           156
           -1895.712  972873           157
           -1895.712  414284           158
           -1895.712  383986           159
           -1895.712  456213           160
           -1895.712  23012            352
           -1895.712  374219           353
           -1895.712  193847           354
           -1895.712  871722           355
           -1895.712  360419           356
           -1895.712  850545           357
           -1895.712  195763           358
           -1895.712  349562           359
           -1895.712  563002           360
           -1895.712  971853           402
           -1895.712  471040           403
           -1895.712  605565           404
           -1895.712  973369           202
           -1895.712  596257           405
           -1895.712  926797           406
           -1895.712  840078           203
           -1895.712  772131           407
           -1895.712  55115            408
           -1895.712  748692           204
           -1895.712  605161           409
           -1895.712  746978           410
           -1895.712  97158            205
           -1895.712  891531           206
           -1895.712  637095           207
           -1895.712  57226            208
           -1895.712  30098            209
           -1895.712  835767           210
           -1895.712  582296           452
           -1895.712  879211           453
           -1895.712  263049           454
           -1895.712  224950           455
           -1895.712  922596           456
           -1895.712  769907           457
           -1895.712  539751           459
           -1895.712  112586           494



THE MODEL ESTIMATION TERMINATED NORMALLY



MODEL FIT INFORMATION

Number of Free Parameters                        7

Loglikelihood

          H0 Value                       -1895.712
          H0 Scaling Correction Factor      1.0000
            for MLR

Information Criteria

          Akaike (AIC)                    3805.423
          Bayesian (BIC)                  3834.126
          Sample-Size Adjusted BIC        3811.911
            (n* = (n + 2) / 24)

Chi-Square Test of Model Fit for the Binary and Ordered Categorical
(Ordinal) Outcomes

          Pearson Chi-Square

          Value                            343.940
          Degrees of Freedom                   120
          P-Value                           0.0000

          Likelihood Ratio Chi-Square

          Value                            262.858
          Degrees of Freedom                   120
          P-Value                           0.0000

Chi-Square Test for MCAR under the Unrestricted Latent Class Indicator Model

          Pearson Chi-Square

          Value                            137.698
          Degrees of Freedom                   315
          P-Value                           1.0000

          Likelihood Ratio Chi-Square

          Value                             48.678
          Degrees of Freedom                   315
          P-Value                           1.0000



FINAL CLASS COUNTS AND PROPORTIONS FOR THE LATENT CLASSES
BASED ON THE ESTIMATED MODEL

    Latent
   Classes

       1        446.00000          1.00000


FINAL CLASS COUNTS AND PROPORTIONS FOR THE LATENT CLASSES
BASED ON ESTIMATED POSTERIOR PROBABILITIES

    Latent
   Classes

       1        446.00000          1.00000


FINAL CLASS COUNTS AND PROPORTIONS FOR THE LATENT CLASSES
BASED ON THEIR MOST LIKELY LATENT CLASS MEMBERSHIP

Class Counts and Proportions

    Latent
   Classes

       1              446          1.00000


Average Latent Class Probabilities for Most Likely Latent Class Membership (Row)
by Latent Class (Column)

           1

    1   1.000


Classification Probabilities for the Most Likely Latent Class Membership (Column)
by Latent Class (Row)

           1

    1   1.000


Logits for the Classification Probabilities for the Most Likely Latent Class Membership (Column)
by Latent Class (Row)

              1

    1      0.000


MODEL RESULTS

                                                    Two-Tailed
                    Estimate       S.E.  Est./S.E.    P-Value

Latent Class 1

 Thresholds
    DO1$1              0.027      0.095      0.284      0.776
    DO2$1              2.345      0.168     13.991      0.000
    DO3$1             -0.063      0.095     -0.664      0.506
    DO4$1              0.333      0.096      3.452      0.001
    DO5$1             -0.058      0.095     -0.616      0.538
    DO6$1              1.235      0.114     10.875      0.000
    DO7$1              0.377      0.097      3.911      0.000


QUALITY OF NUMERICAL RESULTS

     Condition Number for the Information Matrix              0.176E+00
       (ratio of smallest to largest eigenvalue)


RESULTS IN PROBABILITY SCALE

                                                    Two-Tailed
                    Estimate       S.E.  Est./S.E.    P-Value

Latent Class 1

 DO1
    Category 1         0.507      0.024     21.405      0.000
    Category 2         0.493      0.024     20.836      0.000
 DO2
    Category 1         0.913      0.013     68.223      0.000
    Category 2         0.087      0.013      6.537      0.000
 DO3
    Category 1         0.484      0.024     20.417      0.000
    Category 2         0.516      0.024     21.747      0.000
 DO4
    Category 1         0.582      0.023     24.856      0.000
    Category 2         0.418      0.023     17.823      0.000
 DO5
    Category 1         0.485      0.024     20.488      0.000
    Category 2         0.515      0.024     21.721      0.000
 DO6
    Category 1         0.775      0.020     39.081      0.000
    Category 2         0.225      0.020     11.361      0.000
 DO7
    Category 1         0.593      0.023     25.477      0.000
    Category 2         0.407      0.023     17.467      0.000


MODEL COMMAND WITH FINAL ESTIMATES USED AS STARTING VALUES

     %OVERALL%

     %C#1%

     [ do1$1*0.02691 ];
     [ do2$1*2.34525 ];
     [ do3$1*-0.06308 ];
     [ do4$1*0.33260 ];
     [ do5$1*-0.05844 ];
     [ do6$1*1.23547 ];
     [ do7$1*0.37745 ];



RESIDUAL OUTPUT


     RESIDUAL OUTPUT IS NOT AVAILABLE FOR THIS MODEL.  ADDITIONAL OUTPUT FOR
     CATEGORICAL, COUNT, AND NOMINAL VARIABLES MAY BE AVAILABLE USING TECH10.


PLOT INFORMATION

The following plots are available:

  Histograms (sample values)
  Scatterplots (sample values)
  Sample proportions and estimated probabilities

     Beginning Time:  11:17:59
        Ending Time:  11:18:07
       Elapsed Time:  00:00:08



MUTHEN & MUTHEN
3463 Stoner Ave.
Los Angeles, CA  90066

Tel: (310) 391-9971
Fax: (310) 391-8971
Web: www.StatModel.com
Support: Support@StatModel.com

Copyright (c) 1998-2024 Muthen & Muthen
