Mplus VERSION 8.11
MUTHEN & MUTHEN
11/20/2024  11:18 AM

INPUT INSTRUCTIONS

  TITLE:
  LCA 3-Class (Entire Sample)
  DATA:
  FILE = "C:/Users/dnajiarch/Box/TA - ED 201/Labs/mg_invar/enum_total/
  db.dat";
  VARIABLE:
  NAMES = id FEMALE studyethraw ETHN_CMP do1 do2 do3 do4 do5 do6 do7 psolv1 psolv2
       psolv3 psolv4 psolv5 psolv6 psolv7 psolv8 SOC_STRS BOTHR_U negmood1 posmood1;
   MISSING=.;
   categorical = do1-do7;
  usevar = do1-do7;
  classes = c(3);
  ANALYSIS:
  estimator = mlr;
      type = mixture;
      starts = 500 100;
      processors = 10;
  OUTPUT:
  sampstat residual tech11 tech14 svalues;
  PLOT:
  type = plot3;
      series = do1-do7(*);



*** WARNING in OUTPUT command
  SAMPSTAT option is not available when all outcomes are censored, ordered
  categorical, unordered categorical (nominal), count or continuous-time
  survival variables.  Request for SAMPSTAT is ignored.
*** WARNING
  Data set contains cases with missing on all variables.
  These cases were not included in the analysis.
  Number of cases with missing on all variables:  143
   2 WARNING(S) FOUND IN THE INPUT INSTRUCTIONS




LCA 3-Class (Entire Sample)

SUMMARY OF ANALYSIS

Number of groups                                                 1
Number of observations                                         446

Number of dependent variables                                    7
Number of independent variables                                  0
Number of continuous latent variables                            0
Number of categorical latent variables                           1

Observed dependent variables

  Binary and ordered categorical (ordinal)
   DO1         DO2         DO3         DO4         DO5         DO6
   DO7

Categorical latent variables
   C


Estimator                                                      MLR
Information matrix                                        OBSERVED
Optimization Specifications for the Quasi-Newton Algorithm for
Continuous Outcomes
  Maximum number of iterations                                 100
  Convergence criterion                                  0.100D-05
Optimization Specifications for the EM Algorithm
  Maximum number of iterations                                 500
  Convergence criteria
    Loglikelihood change                                 0.100D-06
    Relative loglikelihood change                        0.100D-06
    Derivative                                           0.100D-05
Optimization Specifications for the M step of the EM Algorithm for
Categorical Latent variables
  Number of M step iterations                                    1
  M step convergence criterion                           0.100D-05
  Basis for M step termination                           ITERATION
Optimization Specifications for the M step of the EM Algorithm for
Censored, Binary or Ordered Categorical (Ordinal), Unordered
Categorical (Nominal) and Count Outcomes
  Number of M step iterations                                    1
  M step convergence criterion                           0.100D-05
  Basis for M step termination                           ITERATION
  Maximum value for logit thresholds                            15
  Minimum value for logit thresholds                           -15
  Minimum expected cell size for chi-square              0.100D-01
Maximum number of iterations for H1                           2000
Convergence criterion for H1                             0.100D-03
Optimization algorithm                                         EMA
Random Starts Specifications
  Number of initial stage random starts                        500
  Number of final stage optimizations                          100
  Number of initial stage iterations                            10
  Initial stage convergence criterion                    0.100D+01
  Random starts scale                                    0.500D+01
  Random seed for generating random starts                       0
Link                                                         LOGIT

Input data file(s)
  C:/Users/dnajiarch/Box/TA - ED 201/Labs/mg_invar/enum_total/db.dat
Input data format  FREE


SUMMARY OF DATA

     Number of missing data patterns             6
     Number of y missing data patterns           0
     Number of u missing data patterns           6


COVARIANCE COVERAGE OF DATA

Minimum covariance coverage value   0.100


     PROPORTION OF DATA PRESENT FOR U


           Covariance Coverage
              DO1           DO2           DO3           DO4           DO5
              ________      ________      ________      ________      ________
 DO1            1.000
 DO2            1.000         1.000
 DO3            0.996         0.996         0.996
 DO4            0.993         0.993         0.989         0.993
 DO5            0.998         0.998         0.993         0.991         0.998
 DO6            0.996         0.996         0.991         0.989         0.993
 DO7            0.998         0.998         0.993         0.991         0.996


           Covariance Coverage
              DO6           DO7
              ________      ________
 DO6            0.996
 DO7            0.993         0.998


UNIVARIATE PROPORTIONS AND COUNTS FOR CATEGORICAL VARIABLES

    DO1
      Category 1    0.507          226.000
      Category 2    0.493          220.000
    DO2
      Category 1    0.913          407.000
      Category 2    0.087           39.000
    DO3
      Category 1    0.484          215.000
      Category 2    0.516          229.000
    DO4
      Category 1    0.582          258.000
      Category 2    0.418          185.000
    DO5
      Category 1    0.485          216.000
      Category 2    0.515          229.000
    DO6
      Category 1    0.775          344.000
      Category 2    0.225          100.000
    DO7
      Category 1    0.593          264.000
      Category 2    0.407          181.000


RANDOM STARTS RESULTS RANKED FROM THE BEST TO THE WORST LOGLIKELIHOOD VALUES

Final stage loglikelihood values at local maxima, seeds, and initial stage start numbers:

           -1817.521  521575           313
           -1817.521  173191           422
           -1817.521  783110           72
           -1817.521  485256           371
           -1817.521  352277           42
           -1817.521  358488           264
           -1817.521  192071           142
           -1817.521  301180           236
           -1817.521  569833           85
           -1817.521  399508           415
           -1817.521  275475           413
           -1817.521  281558           184
           -1817.521  182524           373
           -1817.521  285380           1
           -1817.521  478421           311
           -1817.521  464179           106
           -1817.521  972430           491
           -1817.521  73576            213
           -1817.521  81117            305
           -1817.521  393232           152
           -1817.521  335485           496
           -1817.521  364676           27
           -1817.521  193569           440
           -1817.521  851945           18
           -1817.521  466971           109
           -1817.521  197223           332
           -1817.521  970689           266
           -1817.521  561664           392
           -1817.521  794236           127
           -1817.521  76451            211
           -1817.521  263221           447
           -1817.521  922596           456
           -1817.521  188640           451
           -1817.521  263049           454
           -1817.521  534483           290
           -1817.521  264081           186
           -1817.521  988761           475
           -1817.521  991329           182
           -1817.521  570782           193
           -1817.521  875667           367
           -1817.521  608496           4
           -1817.521  273992           349
           -1817.521  606576           151
           -1817.521  939021           8
           -1817.521  850840           232
           -1817.521  153394           429
           -1817.521  985387           381
           -1817.521  347515           24
           -1817.521  563002           360
           -1817.521  391949           295
           -1817.521  992389           77
           -1817.521  608849           224
           -1817.521  496881           192
           -1817.521  173440           328
           -1817.521  642909           251
           -1817.521  414284           158
           -1817.521  823392           479
           -1817.521  701525           239
           -1817.521  609089           241
           -1817.521  688839           273
           -1817.521  89970            223
           -1817.521  76974            16
           -1817.521  462228           298
           -1817.521  790059           469
           -1817.521  471040           403
           -1817.521  92689            304
           -1817.521  846194           93
           -1817.521  631413           439
           -1817.521  960438           116
           -1817.521  635245           121
           -1817.521  529455           268
           -1817.521  407168           44
           -1817.521  679832           302
           -1817.521  754100           56
           -1817.521  848331           137
           -1817.521  903420           5
           -1817.521  723775           97
           -1817.521  592219           119
           -1822.400  848890           95
           -1822.400  359578           458
           -1822.400  467339           66
           -1822.400  568405           233
           -1822.400  22362            365
           -1822.400  57226            208
           -1822.400  124999           96
           -1822.400  297518           166

14 perturbed starting value run(s) did not converge or were rejected in the third stage.



THE BEST LOGLIKELIHOOD VALUE HAS BEEN REPLICATED.  RERUN WITH AT LEAST TWICE THE
RANDOM STARTS TO CHECK THAT THE BEST LOGLIKELIHOOD IS STILL OBTAINED AND REPLICATED.

     IN THE OPTIMIZATION, ONE OR MORE LOGIT THRESHOLDS APPROACHED EXTREME VALUES
     OF -15.000 AND 15.000 AND WERE FIXED TO STABILIZE MODEL ESTIMATION.  THESE
     VALUES IMPLY PROBABILITIES OF 0 AND 1.  IN THE MODEL RESULTS SECTION, THESE
     PARAMETERS HAVE 0 STANDARD ERRORS AND 999 IN THE Z-SCORE AND P-VALUE COLUMNS.




THE MODEL ESTIMATION TERMINATED NORMALLY



MODEL FIT INFORMATION

Number of Free Parameters                       23

Loglikelihood

          H0 Value                       -1817.521
          H0 Scaling Correction Factor      1.2310
            for MLR

Information Criteria

          Akaike (AIC)                    3681.042
          Bayesian (BIC)                  3775.349
          Sample-Size Adjusted BIC        3702.357
            (n* = (n + 2) / 24)

Chi-Square Test of Model Fit for the Binary and Ordered Categorical
(Ordinal) Outcomes

          Pearson Chi-Square

          Value                            105.457
          Degrees of Freedom                   104
          P-Value                           0.4417

          Likelihood Ratio Chi-Square

          Value                            106.476
          Degrees of Freedom                   104
          P-Value                           0.4143

Chi-Square Test for MCAR under the Unrestricted Latent Class Indicator Model

          Pearson Chi-Square

          Value                            137.698
          Degrees of Freedom                   315
          P-Value                           1.0000

          Likelihood Ratio Chi-Square

          Value                             48.678
          Degrees of Freedom                   315
          P-Value                           1.0000



FINAL CLASS COUNTS AND PROPORTIONS FOR THE LATENT CLASSES
BASED ON THE ESTIMATED MODEL

    Latent
   Classes

       1        159.86243          0.35844
       2        112.30738          0.25181
       3        173.83019          0.38975


FINAL CLASS COUNTS AND PROPORTIONS FOR THE LATENT CLASSES
BASED ON ESTIMATED POSTERIOR PROBABILITIES

    Latent
   Classes

       1        159.86243          0.35844
       2        112.30738          0.25181
       3        173.83019          0.38975


FINAL CLASS COUNTS AND PROPORTIONS FOR THE LATENT CLASSES
BASED ON THEIR MOST LIKELY LATENT CLASS MEMBERSHIP

Class Counts and Proportions

    Latent
   Classes

       1              162          0.36323
       2              108          0.24215
       3              176          0.39462


CLASSIFICATION QUALITY

     Entropy                         0.570


Average Latent Class Probabilities for Most Likely Latent Class Membership (Row)
by Latent Class (Column)

           1        2        3

    1   0.758    0.133    0.109
    2   0.199    0.731    0.070
    3   0.089    0.067    0.844


Classification Probabilities for the Most Likely Latent Class Membership (Column)
by Latent Class (Row)

           1        2        3

    1   0.768    0.134    0.098
    2   0.192    0.703    0.105
    3   0.102    0.043    0.855


Logits for the Classification Probabilities for the Most Likely Latent Class Membership (Column)
by Latent Class (Row)

              1        2        3

    1      2.061    0.319    0.000
    2      0.607    1.905    0.000
    3     -2.129   -2.983    0.000


MODEL RESULTS

                                                    Two-Tailed
                    Estimate       S.E.  Est./S.E.    P-Value

Latent Class 1

 Thresholds
    DO1$1             -0.031      0.771     -0.040      0.968
    DO2$1              1.953      0.406      4.806      0.000
    DO3$1             -2.653      1.905     -1.393      0.164
    DO4$1             -0.330      0.331     -0.995      0.320
    DO5$1             -0.922      1.230     -0.750      0.453
    DO6$1              0.709      0.267      2.651      0.008
    DO7$1              0.073      1.332      0.055      0.956

Latent Class 2

 Thresholds
    DO1$1             -1.639      0.850     -1.929      0.054
    DO2$1              2.235      0.441      5.066      0.000
    DO3$1              0.459      1.904      0.241      0.810
    DO4$1             -0.041      0.463     -0.088      0.930
    DO5$1             -1.336      0.888     -1.503      0.133
    DO6$1              1.319      0.578      2.280      0.023
    DO7$1             15.000      0.000    999.000    999.000

Latent Class 3

 Thresholds
    DO1$1              1.058      0.297      3.558      0.000
    DO2$1              2.994      0.421      7.117      0.000
    DO3$1              1.304      1.139      1.145      0.252
    DO4$1              1.341      0.604      2.221      0.026
    DO5$1              1.741      0.588      2.961      0.003
    DO6$1              1.835      0.411      4.462      0.000
    DO7$1             -0.408      0.330     -1.237      0.216

Categorical Latent Variables

 Means
    C#1               -0.084      0.419     -0.200      0.841
    C#2               -0.437      0.961     -0.455      0.649


QUALITY OF NUMERICAL RESULTS

     Condition Number for the Information Matrix              0.494E-02
       (ratio of smallest to largest eigenvalue)


RESULTS IN PROBABILITY SCALE

                                                    Two-Tailed
                    Estimate       S.E.  Est./S.E.    P-Value

Latent Class 1

 DO1
    Category 1         0.492      0.193      2.554      0.011
    Category 2         0.508      0.193      2.633      0.008
 DO2
    Category 1         0.876      0.044     19.810      0.000
    Category 2         0.124      0.044      2.809      0.005
 DO3
    Category 1         0.066      0.117      0.562      0.574
    Category 2         0.934      0.117      7.980      0.000
 DO4
    Category 1         0.418      0.081      5.187      0.000
    Category 2         0.582      0.081      7.214      0.000
 DO5
    Category 1         0.284      0.250      1.136      0.256
    Category 2         0.716      0.250      2.858      0.004
 DO6
    Category 1         0.670      0.059     11.339      0.000
    Category 2         0.330      0.059      5.582      0.000
 DO7
    Category 1         0.518      0.332      1.559      0.119
    Category 2         0.482      0.332      1.449      0.147

Latent Class 2

 DO1
    Category 1         0.163      0.116      1.406      0.160
    Category 2         0.837      0.116      7.240      0.000
 DO2
    Category 1         0.903      0.039     23.447      0.000
    Category 2         0.097      0.039      2.509      0.012
 DO3
    Category 1         0.613      0.452      1.356      0.175
    Category 2         0.387      0.452      0.857      0.391
 DO4
    Category 1         0.490      0.116      4.234      0.000
    Category 2         0.510      0.116      4.410      0.000
 DO5
    Category 1         0.208      0.146      1.422      0.155
    Category 2         0.792      0.146      5.406      0.000
 DO6
    Category 1         0.789      0.096      8.193      0.000
    Category 2         0.211      0.096      2.191      0.028
 DO7
    Category 1         1.000      0.000      0.000      1.000
    Category 2         0.000      0.000      0.000      1.000

Latent Class 3

 DO1
    Category 1         0.742      0.057     13.052      0.000
    Category 2         0.258      0.057      4.531      0.000
 DO2
    Category 1         0.952      0.019     49.848      0.000
    Category 2         0.048      0.019      2.496      0.013
 DO3
    Category 1         0.786      0.191      4.113      0.000
    Category 2         0.214      0.191      1.116      0.264
 DO4
    Category 1         0.793      0.099      7.986      0.000
    Category 2         0.207      0.099      2.089      0.037
 DO5
    Category 1         0.851      0.075     11.400      0.000
    Category 2         0.149      0.075      1.999      0.046
 DO6
    Category 1         0.862      0.049     17.669      0.000
    Category 2         0.138      0.049      2.819      0.005
 DO7
    Category 1         0.399      0.079      5.041      0.000
    Category 2         0.601      0.079      7.584      0.000


LATENT CLASS INDICATOR ODDS RATIOS FOR THE LATENT CLASSES

                                                95% C.I.
                    Estimate       S.E.  Lower 2.5% Upper 2.5%

Latent Class 1 Compared to Latent Class 2

 DO1
    Category > 1       0.200      0.134      0.054      0.741
 DO2
    Category > 1       1.325      0.934      0.333      5.275
 DO3
    Category > 1      22.465     78.832      0.023  21802.014
 DO4
    Category > 1       1.335      0.971      0.321      5.556
 DO5
    Category > 1       0.661      1.342      0.012     35.274
 DO6
    Category > 1       1.841      1.365      0.430      7.876
 DO7
    Category > 1   *********      0.000  *********  *********

Latent Class 1 Compared to Latent Class 3

 DO1
    Category > 1       2.970      2.664      0.512     17.233
 DO2
    Category > 1       2.832      1.751      0.843      9.516
 DO3
    Category > 1      52.313     65.987      4.415    619.891
 DO4
    Category > 1       5.316      2.502      2.114     13.370
 DO5
    Category > 1      14.344     12.721      2.522     81.583
 DO6
    Category > 1       3.085      1.324      1.330      7.154
 DO7
    Category > 1       0.618      0.987      0.027     14.156

Latent Class 2 Compared to Latent Class 3

 DO1
    Category > 1      14.835     14.638      2.145    102.618
 DO2
    Category > 1       2.138      1.358      0.616      7.422
 DO3
    Category > 1       2.329      6.860      0.007    749.103
 DO4
    Category > 1       3.981      3.862      0.595     26.649
 DO5
    Category > 1      21.687     28.862      1.597    294.471
 DO6
    Category > 1       1.676      1.465      0.302      9.296
 DO7
    Category > 1       0.000      0.000      0.000      0.000


MODEL COMMAND WITH FINAL ESTIMATES USED AS STARTING VALUES

     %OVERALL%

     [ c#1*-0.08377 ];
     [ c#2*-0.43684 ];

     %C#1%

     [ do1$1*-0.03060 ];
     [ do2$1*1.95331 ];
     [ do3$1*-2.65333 ];
     [ do4$1*-0.32977 ];
     [ do5$1*-0.92234 ];
     [ do6$1*0.70877 ];
     [ do7$1*0.07296 ];

     %C#2%

     [ do1$1*-1.63910 ];
     [ do2$1*2.23468 ];
     [ do3$1*0.45864 ];
     [ do4$1*-0.04061 ];
     [ do5$1*-1.33575 ];
     [ do6$1*1.31888 ];
     [ do7$1*15 ];

     %C#3%

     [ do1$1*1.05788 ];
     [ do2$1*2.99436 ];
     [ do3$1*1.30392 ];
     [ do4$1*1.34100 ];
     [ do5$1*1.74096 ];
     [ do6$1*1.83531 ];
     [ do7$1*-0.40843 ];



RESIDUAL OUTPUT


     RESIDUAL OUTPUT IS NOT AVAILABLE FOR THIS MODEL.  ADDITIONAL OUTPUT FOR
     CATEGORICAL, COUNT, AND NOMINAL VARIABLES MAY BE AVAILABLE USING TECH10.


TECHNICAL 11 OUTPUT

     Random Starts Specifications for the k-1 Class Analysis Model
        Number of initial stage random starts                 500
        Number of final stage optimizations                   100



     VUONG-LO-MENDELL-RUBIN LIKELIHOOD RATIO TEST FOR 2 (H0) VERSUS 3 CLASSES

          H0 Loglikelihood Value                        -1834.424
          2 Times the Loglikelihood Difference             33.806
          Difference in the Number of Parameters                8
          Mean                                             39.077
          Standard Deviation                               47.849
          P-Value                                          0.3670

     LO-MENDELL-RUBIN ADJUSTED LRT TEST

          Value                                            33.127
          P-Value                                          0.3732


TECHNICAL 14 OUTPUT

     Random Starts Specifications for the k-1 Class Analysis Model
        Number of initial stage random starts                 500
        Number of final stage optimizations                   100

     Random Starts Specification for the k-1 Class Model for Generated Data
        Number of initial stage random starts                   0
        Number of final stage optimizations for the
           initial stage random starts                          0
     Random Starts Specification for the k Class Model for Generated Data
        Number of initial stage random starts                  40
        Number of final stage optimizations                     8
     Number of bootstrap draws requested                   Varies


     PARAMETRIC BOOTSTRAPPED LIKELIHOOD RATIO TEST FOR 2 (H0) VERSUS 3 CLASSES

          H0 Loglikelihood Value                        -1834.424
          2 Times the Loglikelihood Difference             33.806
          Difference in the Number of Parameters                8
          Approximate P-Value                              0.0000
          Successful Bootstrap Draws                           20


PLOT INFORMATION

The following plots are available:

  Histograms (sample values)
  Scatterplots (sample values)
  Sample proportions and estimated probabilities

     Beginning Time:  11:18:19
        Ending Time:  11:18:34
       Elapsed Time:  00:00:15



MUTHEN & MUTHEN
3463 Stoner Ave.
Los Angeles, CA  90066

Tel: (310) 391-9971
Fax: (310) 391-8971
Web: www.StatModel.com
Support: Support@StatModel.com

Copyright (c) 1998-2024 Muthen & Muthen
