Mplus VERSION 8.11
MUTHEN & MUTHEN
11/20/2024  11:18 AM

INPUT INSTRUCTIONS

  TITLE:
  LCA 4-Class (Entire Sample)
  DATA:
  FILE = "C:/Users/dnajiarch/Box/TA - ED 201/Labs/mg_invar/enum_total/
  db.dat";
  VARIABLE:
  NAMES = id FEMALE studyethraw ETHN_CMP do1 do2 do3 do4 do5 do6 do7 psolv1 psolv2
       psolv3 psolv4 psolv5 psolv6 psolv7 psolv8 SOC_STRS BOTHR_U negmood1 posmood1;
   MISSING=.;
   categorical = do1-do7;
  usevar = do1-do7;
  classes = c(4);
  ANALYSIS:
  estimator = mlr;
      type = mixture;
      starts = 500 100;
      processors = 10;
  OUTPUT:
  sampstat residual tech11 tech14 svalues;
  PLOT:
  type = plot3;
      series = do1-do7(*);



*** WARNING in OUTPUT command
  SAMPSTAT option is not available when all outcomes are censored, ordered
  categorical, unordered categorical (nominal), count or continuous-time
  survival variables.  Request for SAMPSTAT is ignored.
*** WARNING
  Data set contains cases with missing on all variables.
  These cases were not included in the analysis.
  Number of cases with missing on all variables:  143
   2 WARNING(S) FOUND IN THE INPUT INSTRUCTIONS




LCA 4-Class (Entire Sample)

SUMMARY OF ANALYSIS

Number of groups                                                 1
Number of observations                                         446

Number of dependent variables                                    7
Number of independent variables                                  0
Number of continuous latent variables                            0
Number of categorical latent variables                           1

Observed dependent variables

  Binary and ordered categorical (ordinal)
   DO1         DO2         DO3         DO4         DO5         DO6
   DO7

Categorical latent variables
   C


Estimator                                                      MLR
Information matrix                                        OBSERVED
Optimization Specifications for the Quasi-Newton Algorithm for
Continuous Outcomes
  Maximum number of iterations                                 100
  Convergence criterion                                  0.100D-05
Optimization Specifications for the EM Algorithm
  Maximum number of iterations                                 500
  Convergence criteria
    Loglikelihood change                                 0.100D-06
    Relative loglikelihood change                        0.100D-06
    Derivative                                           0.100D-05
Optimization Specifications for the M step of the EM Algorithm for
Categorical Latent variables
  Number of M step iterations                                    1
  M step convergence criterion                           0.100D-05
  Basis for M step termination                           ITERATION
Optimization Specifications for the M step of the EM Algorithm for
Censored, Binary or Ordered Categorical (Ordinal), Unordered
Categorical (Nominal) and Count Outcomes
  Number of M step iterations                                    1
  M step convergence criterion                           0.100D-05
  Basis for M step termination                           ITERATION
  Maximum value for logit thresholds                            15
  Minimum value for logit thresholds                           -15
  Minimum expected cell size for chi-square              0.100D-01
Maximum number of iterations for H1                           2000
Convergence criterion for H1                             0.100D-03
Optimization algorithm                                         EMA
Random Starts Specifications
  Number of initial stage random starts                        500
  Number of final stage optimizations                          100
  Number of initial stage iterations                            10
  Initial stage convergence criterion                    0.100D+01
  Random starts scale                                    0.500D+01
  Random seed for generating random starts                       0
Link                                                         LOGIT

Input data file(s)
  C:/Users/dnajiarch/Box/TA - ED 201/Labs/mg_invar/enum_total/db.dat
Input data format  FREE


SUMMARY OF DATA

     Number of missing data patterns             6
     Number of y missing data patterns           0
     Number of u missing data patterns           6


COVARIANCE COVERAGE OF DATA

Minimum covariance coverage value   0.100


     PROPORTION OF DATA PRESENT FOR U


           Covariance Coverage
              DO1           DO2           DO3           DO4           DO5
              ________      ________      ________      ________      ________
 DO1            1.000
 DO2            1.000         1.000
 DO3            0.996         0.996         0.996
 DO4            0.993         0.993         0.989         0.993
 DO5            0.998         0.998         0.993         0.991         0.998
 DO6            0.996         0.996         0.991         0.989         0.993
 DO7            0.998         0.998         0.993         0.991         0.996


           Covariance Coverage
              DO6           DO7
              ________      ________
 DO6            0.996
 DO7            0.993         0.998


UNIVARIATE PROPORTIONS AND COUNTS FOR CATEGORICAL VARIABLES

    DO1
      Category 1    0.507          226.000
      Category 2    0.493          220.000
    DO2
      Category 1    0.913          407.000
      Category 2    0.087           39.000
    DO3
      Category 1    0.484          215.000
      Category 2    0.516          229.000
    DO4
      Category 1    0.582          258.000
      Category 2    0.418          185.000
    DO5
      Category 1    0.485          216.000
      Category 2    0.515          229.000
    DO6
      Category 1    0.775          344.000
      Category 2    0.225          100.000
    DO7
      Category 1    0.593          264.000
      Category 2    0.407          181.000


RANDOM STARTS RESULTS RANKED FROM THE BEST TO THE WORST LOGLIKELIHOOD VALUES

Final stage loglikelihood values at local maxima, seeds, and initial stage start numbers:

           -1805.829  471040           403
           -1805.829  496881           192
           -1805.829  561664           392
           -1805.829  347515           24
           -1805.829  471398           74
           -1805.829  354208           196
           -1805.829  485256           371
           -1805.829  587946           120
           -1805.829  804660           260
           -1805.829  68985            17
           -1805.829  582296           452
           -1805.829  602797           336
           -1805.829  285380           1
           -1805.829  393232           152
           -1805.829  931874           141
           -1805.829  354395           486
           -1805.829  462953           7
           -1805.829  616917           261
           -1805.829  829540           324
           -1805.829  887676           22
           -1805.829  903420           5
           -1805.829  991329           182
           -1805.829  392751           480
           -1805.829  597614           284
           -1805.829  608496           4
           -1805.829  402224           91
           -1805.829  918558           412
           -1805.837  399380           436
           -1805.837  358488           264
           -1805.837  971693           470
           -1805.837  93468            3
           -1805.837  405079           68
           -1805.837  960438           116
           -1805.837  22362            365
           -1805.837  318230           46
           -1812.493  970689           266
           -1813.216  399508           415
           -1813.977  341041           34
           -1814.295  478421           311
           -1814.295  688839           273

60 perturbed starting value run(s) did not converge or were rejected in the third stage.



THE BEST LOGLIKELIHOOD VALUE HAS BEEN REPLICATED.  RERUN WITH AT LEAST TWICE THE
RANDOM STARTS TO CHECK THAT THE BEST LOGLIKELIHOOD IS STILL OBTAINED AND REPLICATED.

     IN THE OPTIMIZATION, ONE OR MORE LOGIT THRESHOLDS APPROACHED EXTREME VALUES
     OF -15.000 AND 15.000 AND WERE FIXED TO STABILIZE MODEL ESTIMATION.  THESE
     VALUES IMPLY PROBABILITIES OF 0 AND 1.  IN THE MODEL RESULTS SECTION, THESE
     PARAMETERS HAVE 0 STANDARD ERRORS AND 999 IN THE Z-SCORE AND P-VALUE COLUMNS.




THE MODEL ESTIMATION TERMINATED NORMALLY



MODEL FIT INFORMATION

Number of Free Parameters                       31

Loglikelihood

          H0 Value                       -1805.829
          H0 Scaling Correction Factor      1.2001
            for MLR

Information Criteria

          Akaike (AIC)                    3673.658
          Bayesian (BIC)                  3800.768
          Sample-Size Adjusted BIC        3702.387
            (n* = (n + 2) / 24)

Chi-Square Test of Model Fit for the Binary and Ordered Categorical
(Ordinal) Outcomes

          Pearson Chi-Square

          Value                             83.894
          Degrees of Freedom                    96
          P-Value                           0.8064

          Likelihood Ratio Chi-Square

          Value                             83.093
          Degrees of Freedom                    96
          P-Value                           0.8233

Chi-Square Test for MCAR under the Unrestricted Latent Class Indicator Model

          Pearson Chi-Square

          Value                            137.698
          Degrees of Freedom                   315
          P-Value                           1.0000

          Likelihood Ratio Chi-Square

          Value                             48.678
          Degrees of Freedom                   315
          P-Value                           1.0000



FINAL CLASS COUNTS AND PROPORTIONS FOR THE LATENT CLASSES
BASED ON THE ESTIMATED MODEL

    Latent
   Classes

       1        166.15187          0.37254
       2         88.84372          0.19920
       3         18.48919          0.04146
       4        172.51521          0.38681


FINAL CLASS COUNTS AND PROPORTIONS FOR THE LATENT CLASSES
BASED ON ESTIMATED POSTERIOR PROBABILITIES

    Latent
   Classes

       1        166.15187          0.37254
       2         88.84372          0.19920
       3         18.48919          0.04146
       4        172.51521          0.38681


FINAL CLASS COUNTS AND PROPORTIONS FOR THE LATENT CLASSES
BASED ON THEIR MOST LIKELY LATENT CLASS MEMBERSHIP

Class Counts and Proportions

    Latent
   Classes

       1              163          0.36547
       2               74          0.16592
       3               20          0.04484
       4              189          0.42377


CLASSIFICATION QUALITY

     Entropy                         0.686


Average Latent Class Probabilities for Most Likely Latent Class Membership (Row)
by Latent Class (Column)

           1        2        3        4

    1   0.848    0.068    0.000    0.085
    2   0.105    0.803    0.000    0.092
    3   0.018    0.058    0.924    0.000
    4   0.105    0.091    0.000    0.804


Classification Probabilities for the Most Likely Latent Class Membership (Column)
by Latent Class (Row)

           1        2        3        4

    1   0.831    0.047    0.002    0.120
    2   0.124    0.669    0.013    0.194
    3   0.000    0.000    1.000    0.000
    4   0.080    0.039    0.000    0.880


Logits for the Classification Probabilities for the Most Likely Latent Class Membership (Column)
by Latent Class (Row)

              1        2        3        4

    1      1.938   -0.943   -4.033    0.000
    2     -0.447    1.238   -2.700    0.000
    3      0.000    0.000   13.816    0.000
    4     -2.396   -3.105  -13.688    0.000


MODEL RESULTS

                                                    Two-Tailed
                    Estimate       S.E.  Est./S.E.    P-Value

Latent Class 1

 Thresholds
    DO1$1              1.258      0.338      3.725      0.000
    DO2$1              2.753      0.466      5.905      0.000
    DO3$1              1.295      1.104      1.173      0.241
    DO4$1              1.320      0.572      2.309      0.021
    DO5$1              1.770      0.538      3.291      0.001
    DO6$1              1.847      0.418      4.423      0.000
    DO7$1             -0.494      0.393     -1.258      0.208

Latent Class 2

 Thresholds
    DO1$1             -1.734      0.609     -2.846      0.004
    DO2$1              2.004      0.789      2.541      0.011
    DO3$1              1.292      5.009      0.258      0.796
    DO4$1              0.069      0.618      0.112      0.911
    DO5$1             -1.049      1.308     -0.802      0.423
    DO6$1              1.407      0.615      2.288      0.022
    DO7$1             15.000      0.000    999.000    999.000

Latent Class 3

 Thresholds
    DO1$1              0.953      0.858      1.110      0.267
    DO2$1            -15.000      0.000    999.000    999.000
    DO3$1            -15.000      0.000    999.000    999.000
    DO4$1             -1.180      0.585     -2.018      0.044
    DO5$1            -15.000      0.000    999.000    999.000
    DO6$1             -0.487      0.529     -0.922      0.357
    DO7$1              0.552      0.716      0.771      0.441

Latent Class 4

 Thresholds
    DO1$1             -0.382      0.965     -0.396      0.692
    DO2$1             15.000      0.000    999.000    999.000
    DO3$1             -2.286      1.303     -1.755      0.079
    DO4$1             -0.186      0.216     -0.863      0.388
    DO5$1             -0.848      1.059     -0.801      0.423
    DO6$1              0.931      0.214      4.356      0.000
    DO7$1              0.347      1.324      0.262      0.793

Categorical Latent Variables

 Means
    C#1               -0.038      0.342     -0.110      0.913
    C#2               -0.664      1.281     -0.518      0.604
    C#3               -2.233      0.302     -7.390      0.000


QUALITY OF NUMERICAL RESULTS

     Condition Number for the Information Matrix              0.214E-02
       (ratio of smallest to largest eigenvalue)


RESULTS IN PROBABILITY SCALE

                                                    Two-Tailed
                    Estimate       S.E.  Est./S.E.    P-Value

Latent Class 1

 DO1
    Category 1         0.779      0.058     13.378      0.000
    Category 2         0.221      0.058      3.804      0.000
 DO2
    Category 1         0.940      0.026     35.790      0.000
    Category 2         0.060      0.026      2.282      0.022
 DO3
    Category 1         0.785      0.186      4.214      0.000
    Category 2         0.215      0.186      1.154      0.248
 DO4
    Category 1         0.789      0.095      8.296      0.000
    Category 2         0.211      0.095      2.216      0.027
 DO5
    Category 1         0.855      0.067     12.778      0.000
    Category 2         0.145      0.067      2.176      0.030
 DO6
    Category 1         0.864      0.049     17.579      0.000
    Category 2         0.136      0.049      2.773      0.006
 DO7
    Category 1         0.379      0.092      4.098      0.000
    Category 2         0.621      0.092      6.719      0.000

Latent Class 2

 DO1
    Category 1         0.150      0.078      1.930      0.054
    Category 2         0.850      0.078     10.938      0.000
 DO2
    Category 1         0.881      0.083     10.675      0.000
    Category 2         0.119      0.083      1.439      0.150
 DO3
    Category 1         0.785      0.847      0.927      0.354
    Category 2         0.215      0.847      0.254      0.799
 DO4
    Category 1         0.517      0.154      3.352      0.001
    Category 2         0.483      0.154      3.127      0.002
 DO5
    Category 1         0.259      0.251      1.033      0.302
    Category 2         0.741      0.251      2.947      0.003
 DO6
    Category 1         0.803      0.097      8.266      0.000
    Category 2         0.197      0.097      2.024      0.043
 DO7
    Category 1         1.000      0.000      0.000      1.000
    Category 2         0.000      0.000      0.000      1.000

Latent Class 3

 DO1
    Category 1         0.722      0.172      4.185      0.000
    Category 2         0.278      0.172      1.614      0.106
 DO2
    Category 1         0.000      0.000      0.000      1.000
    Category 2         1.000      0.000      0.000      1.000
 DO3
    Category 1         0.000      0.000      0.000      1.000
    Category 2         1.000      0.000      0.000      1.000
 DO4
    Category 1         0.235      0.105      2.236      0.025
    Category 2         0.765      0.105      7.277      0.000
 DO5
    Category 1         0.000      0.000      0.000      1.000
    Category 2         1.000      0.000      0.000      1.000
 DO6
    Category 1         0.381      0.125      3.052      0.002
    Category 2         0.619      0.125      4.969      0.000
 DO7
    Category 1         0.634      0.166      3.823      0.000
    Category 2         0.366      0.166      2.202      0.028

Latent Class 4

 DO1
    Category 1         0.406      0.233      1.743      0.081
    Category 2         0.594      0.233      2.555      0.011
 DO2
    Category 1         1.000      0.000      0.000      1.000
    Category 2         0.000      0.000      0.000      1.000
 DO3
    Category 1         0.092      0.109      0.846      0.398
    Category 2         0.908      0.109      8.315      0.000
 DO4
    Category 1         0.454      0.053      8.491      0.000
    Category 2         0.546      0.053     10.228      0.000
 DO5
    Category 1         0.300      0.222      1.348      0.178
    Category 2         0.700      0.222      3.149      0.002
 DO6
    Category 1         0.717      0.043     16.551      0.000
    Category 2         0.283      0.043      6.526      0.000
 DO7
    Category 1         0.586      0.321      1.824      0.068
    Category 2         0.414      0.321      1.290      0.197


LATENT CLASS INDICATOR ODDS RATIOS FOR THE LATENT CLASSES

                                                95% C.I.
                    Estimate       S.E.  Lower 2.5% Upper 2.5%

Latent Class 1 Compared to Latent Class 2

 DO1
    Category > 1       0.050      0.038      0.012      0.217
 DO2
    Category > 1       0.473      0.526      0.054      4.177
 DO3
    Category > 1       0.997      6.025      0.000  *********
 DO4
    Category > 1       0.286      0.314      0.033      2.449
 DO5
    Category > 1       0.060      0.101      0.002      1.656
 DO6
    Category > 1       0.644      0.591      0.107      3.894
 DO7
    Category > 1   *********      0.000  *********  *********

Latent Class 1 Compared to Latent Class 3

 DO1
    Category > 1       0.737      0.742      0.102      5.304
 DO2
    Category > 1       0.000      0.000      0.000      0.000
 DO3
    Category > 1       0.000      0.000      0.000      0.000
 DO4
    Category > 1       0.082      0.065      0.017      0.388
 DO5
    Category > 1       0.000      0.000      0.000      0.000
 DO6
    Category > 1       0.097      0.070      0.023      0.400
 DO7
    Category > 1       2.846      2.842      0.402     20.143

Latent Class 1 Compared to Latent Class 4

 DO1
    Category > 1       0.194      0.218      0.021      1.757
 DO2
    Category > 1   *********      0.000  *********  *********
 DO3
    Category > 1       0.028      0.029      0.004      0.213
 DO4
    Category > 1       0.222      0.119      0.077      0.636
 DO5
    Category > 1       0.073      0.058      0.015      0.347
 DO6
    Category > 1       0.400      0.202      0.149      1.077
 DO7
    Category > 1       2.319      3.861      0.089     60.573

Latent Class 2 Compared to Latent Class 3

 DO1
    Category > 1      14.689     15.744      1.797    120.056
 DO2
    Category > 1       0.000      0.000      0.000      0.000
 DO3
    Category > 1       0.000      0.000      0.000      0.000
 DO4
    Category > 1       0.287      0.251      0.051      1.600
 DO5
    Category > 1       0.000      0.000      0.000      0.000
 DO6
    Category > 1       0.150      0.110      0.036      0.632
 DO7
    Category > 1       0.000      0.000      0.000      0.000

Latent Class 2 Compared to Latent Class 4

 DO1
    Category > 1       3.865      4.526      0.390     38.354
 DO2
    Category > 1   *********      0.000  *********  *********
 DO3
    Category > 1       0.028      0.164      0.000   2724.141
 DO4
    Category > 1       0.775      0.577      0.180      3.337
 DO5
    Category > 1       1.222      2.831      0.013    114.419
 DO6
    Category > 1       0.621      0.401      0.175      2.200
 DO7
    Category > 1       0.000      0.000      0.000      0.000

Latent Class 3 Compared to Latent Class 4

 DO1
    Category > 1       0.263      0.176      0.071      0.977
 DO2
    Category > 1   *********      0.000  *********  *********
 DO3
    Category > 1   *********      0.000  *********  *********
 DO4
    Category > 1       2.702      1.663      0.809      9.029
 DO5
    Category > 1   *********      0.000  *********  *********
 DO6
    Category > 1       4.129      2.281      1.398     12.190
 DO7
    Category > 1       0.815      0.794      0.121      5.496


MODEL COMMAND WITH FINAL ESTIMATES USED AS STARTING VALUES

     %OVERALL%

     [ c#1*-0.03758 ];
     [ c#2*-0.66361 ];
     [ c#3*-2.23330 ];

     %C#1%

     [ do1$1*1.25755 ];
     [ do2$1*2.75259 ];
     [ do3$1*1.29525 ];
     [ do4$1*1.31986 ];
     [ do5$1*1.77039 ];
     [ do6$1*1.84691 ];
     [ do7$1*-0.49438 ];

     %C#2%

     [ do1$1*-1.73448 ];
     [ do2$1*2.00417 ];
     [ do3$1*1.29221 ];
     [ do4$1*0.06926 ];
     [ do5$1*-1.04879 ];
     [ do6$1*1.40703 ];
     [ do7$1*15 ];

     %C#3%

     [ do1$1*0.95259 ];
     [ do2$1*-15 ];
     [ do3$1*-15 ];
     [ do4$1*-1.18007 ];
     [ do5$1*-15 ];
     [ do6$1*-0.48740 ];
     [ do7$1*0.55156 ];

     %C#4%

     [ do1$1*-0.38240 ];
     [ do2$1*15 ];
     [ do3$1*-2.28557 ];
     [ do4$1*-0.18605 ];
     [ do5$1*-0.84809 ];
     [ do6$1*0.93062 ];
     [ do7$1*0.34689 ];



RESIDUAL OUTPUT


     RESIDUAL OUTPUT IS NOT AVAILABLE FOR THIS MODEL.  ADDITIONAL OUTPUT FOR
     CATEGORICAL, COUNT, AND NOMINAL VARIABLES MAY BE AVAILABLE USING TECH10.


TECHNICAL 11 OUTPUT

     Random Starts Specifications for the k-1 Class Analysis Model
        Number of initial stage random starts                 500
        Number of final stage optimizations                   100



     VUONG-LO-MENDELL-RUBIN LIKELIHOOD RATIO TEST FOR 3 (H0) VERSUS 4 CLASSES

          H0 Loglikelihood Value                        -1817.521
          2 Times the Loglikelihood Difference             23.384
          Difference in the Number of Parameters                8
          Mean                                             19.495
          Standard Deviation                               67.435
          P-Value                                          0.3485

     LO-MENDELL-RUBIN ADJUSTED LRT TEST

          Value                                            22.914
          P-Value                                          0.3520


TECHNICAL 14 OUTPUT

     Random Starts Specifications for the k-1 Class Analysis Model
        Number of initial stage random starts                 500
        Number of final stage optimizations                   100

     Random Starts Specification for the k-1 Class Model for Generated Data
        Number of initial stage random starts                   0
        Number of final stage optimizations for the
           initial stage random starts                          0
     Random Starts Specification for the k Class Model for Generated Data
        Number of initial stage random starts                  40
        Number of final stage optimizations                     8
     Number of bootstrap draws requested                   Varies


     PARAMETRIC BOOTSTRAPPED LIKELIHOOD RATIO TEST FOR 3 (H0) VERSUS 4 CLASSES

          H0 Loglikelihood Value                        -1817.521
          2 Times the Loglikelihood Difference             23.384
          Difference in the Number of Parameters                8
          Approximate P-Value                              0.0400
          Successful Bootstrap Draws                          100


PLOT INFORMATION

The following plots are available:

  Histograms (sample values)
  Scatterplots (sample values)
  Sample proportions and estimated probabilities

     Beginning Time:  11:18:35
        Ending Time:  11:19:11
       Elapsed Time:  00:00:36



MUTHEN & MUTHEN
3463 Stoner Ave.
Los Angeles, CA  90066

Tel: (310) 391-9971
Fax: (310) 391-8971
Web: www.StatModel.com
Support: Support@StatModel.com

Copyright (c) 1998-2024 Muthen & Muthen
