Mplus VERSION 8.11
MUTHEN & MUTHEN
11/20/2024  11:19 AM

INPUT INSTRUCTIONS

  TITLE:
  LCA 6-Class (Entire Sample)
  DATA:
  FILE = "C:/Users/dnajiarch/Box/TA - ED 201/Labs/mg_invar/enum_total/
  db.dat";
  VARIABLE:
  NAMES = id FEMALE studyethraw ETHN_CMP do1 do2 do3 do4 do5 do6 do7 psolv1 psolv2
       psolv3 psolv4 psolv5 psolv6 psolv7 psolv8 SOC_STRS BOTHR_U negmood1 posmood1;
   MISSING=.;
   categorical = do1-do7;
  usevar = do1-do7;
  classes = c(6);
  ANALYSIS:
  estimator = mlr;
      type = mixture;
      starts = 500 100;
      processors = 10;
  OUTPUT:
  sampstat residual tech11 tech14 svalues;
  PLOT:
  type = plot3;
      series = do1-do7(*);



*** WARNING in OUTPUT command
  SAMPSTAT option is not available when all outcomes are censored, ordered
  categorical, unordered categorical (nominal), count or continuous-time
  survival variables.  Request for SAMPSTAT is ignored.
*** WARNING
  Data set contains cases with missing on all variables.
  These cases were not included in the analysis.
  Number of cases with missing on all variables:  143
   2 WARNING(S) FOUND IN THE INPUT INSTRUCTIONS




LCA 6-Class (Entire Sample)

SUMMARY OF ANALYSIS

Number of groups                                                 1
Number of observations                                         446

Number of dependent variables                                    7
Number of independent variables                                  0
Number of continuous latent variables                            0
Number of categorical latent variables                           1

Observed dependent variables

  Binary and ordered categorical (ordinal)
   DO1         DO2         DO3         DO4         DO5         DO6
   DO7

Categorical latent variables
   C


Estimator                                                      MLR
Information matrix                                        OBSERVED
Optimization Specifications for the Quasi-Newton Algorithm for
Continuous Outcomes
  Maximum number of iterations                                 100
  Convergence criterion                                  0.100D-05
Optimization Specifications for the EM Algorithm
  Maximum number of iterations                                 500
  Convergence criteria
    Loglikelihood change                                 0.100D-06
    Relative loglikelihood change                        0.100D-06
    Derivative                                           0.100D-05
Optimization Specifications for the M step of the EM Algorithm for
Categorical Latent variables
  Number of M step iterations                                    1
  M step convergence criterion                           0.100D-05
  Basis for M step termination                           ITERATION
Optimization Specifications for the M step of the EM Algorithm for
Censored, Binary or Ordered Categorical (Ordinal), Unordered
Categorical (Nominal) and Count Outcomes
  Number of M step iterations                                    1
  M step convergence criterion                           0.100D-05
  Basis for M step termination                           ITERATION
  Maximum value for logit thresholds                            15
  Minimum value for logit thresholds                           -15
  Minimum expected cell size for chi-square              0.100D-01
Maximum number of iterations for H1                           2000
Convergence criterion for H1                             0.100D-03
Optimization algorithm                                         EMA
Random Starts Specifications
  Number of initial stage random starts                        500
  Number of final stage optimizations                          100
  Number of initial stage iterations                            10
  Initial stage convergence criterion                    0.100D+01
  Random starts scale                                    0.500D+01
  Random seed for generating random starts                       0
Link                                                         LOGIT

Input data file(s)
  C:/Users/dnajiarch/Box/TA - ED 201/Labs/mg_invar/enum_total/db.dat
Input data format  FREE


SUMMARY OF DATA

     Number of missing data patterns             6
     Number of y missing data patterns           0
     Number of u missing data patterns           6


COVARIANCE COVERAGE OF DATA

Minimum covariance coverage value   0.100


     PROPORTION OF DATA PRESENT FOR U


           Covariance Coverage
              DO1           DO2           DO3           DO4           DO5
              ________      ________      ________      ________      ________
 DO1            1.000
 DO2            1.000         1.000
 DO3            0.996         0.996         0.996
 DO4            0.993         0.993         0.989         0.993
 DO5            0.998         0.998         0.993         0.991         0.998
 DO6            0.996         0.996         0.991         0.989         0.993
 DO7            0.998         0.998         0.993         0.991         0.996


           Covariance Coverage
              DO6           DO7
              ________      ________
 DO6            0.996
 DO7            0.993         0.998


UNIVARIATE PROPORTIONS AND COUNTS FOR CATEGORICAL VARIABLES

    DO1
      Category 1    0.507          226.000
      Category 2    0.493          220.000
    DO2
      Category 1    0.913          407.000
      Category 2    0.087           39.000
    DO3
      Category 1    0.484          215.000
      Category 2    0.516          229.000
    DO4
      Category 1    0.582          258.000
      Category 2    0.418          185.000
    DO5
      Category 1    0.485          216.000
      Category 2    0.515          229.000
    DO6
      Category 1    0.775          344.000
      Category 2    0.225          100.000
    DO7
      Category 1    0.593          264.000
      Category 2    0.407          181.000


RANDOM STARTS RESULTS RANKED FROM THE BEST TO THE WORST LOGLIKELIHOOD VALUES

Final stage loglikelihood values at local maxima, seeds, and initial stage start numbers:

           -1796.286  518828           432
           -1796.286  605565           404
           -1796.291  15715            274
           -1796.311  640833           434
           -1796.311  514326           325
           -1796.311  347515           24
           -1796.311  317640           437
           -1796.326  21132            351
           -1796.326  416250           390
           -1796.353  34346            330
           -1796.353  741484           441
           -1796.355  375590           438
           -1796.413  846194           93
           -1796.413  582296           452
           -1796.427  830570           369
           -1796.427  359578           458
           -1796.428  824126           287
           -1796.428  360419           356
           -1796.489  286735           175
           -1796.568  253358           2
           -1796.568  392418           28
           -1796.573  900268           327
           -1796.579  987090           70
           -1796.579  848890           95
           -1796.579  66276            217
           -1796.579  81117            305
           -1797.116  903420           5
           -1797.116  443442           380
           -1797.156  569131           26
           -1797.156  587946           120
           -1797.167  848163           47
           -1797.178  903369           134
           -1797.360  354395           486
           -1797.459  27071            15
           -1797.466  344422           296
           -1797.556  366706           29
           -1797.647  80438            246
           -1797.654  93468            3
           -1798.770  967237           48
           -1800.753  595153           230

60 perturbed starting value run(s) did not converge or were rejected in the third stage.



THE BEST LOGLIKELIHOOD VALUE HAS BEEN REPLICATED.  RERUN WITH AT LEAST TWICE THE
RANDOM STARTS TO CHECK THAT THE BEST LOGLIKELIHOOD IS STILL OBTAINED AND REPLICATED.

     IN THE OPTIMIZATION, ONE OR MORE LOGIT THRESHOLDS APPROACHED EXTREME VALUES
     OF -15.000 AND 15.000 AND WERE FIXED TO STABILIZE MODEL ESTIMATION.  THESE
     VALUES IMPLY PROBABILITIES OF 0 AND 1.  IN THE MODEL RESULTS SECTION, THESE
     PARAMETERS HAVE 0 STANDARD ERRORS AND 999 IN THE Z-SCORE AND P-VALUE COLUMNS.




THE MODEL ESTIMATION TERMINATED NORMALLY



MODEL FIT INFORMATION

Number of Free Parameters                       47

Loglikelihood

          H0 Value                       -1796.286
          H0 Scaling Correction Factor      1.1101
            for MLR

Information Criteria

          Akaike (AIC)                    3686.572
          Bayesian (BIC)                  3879.287
          Sample-Size Adjusted BIC        3730.128
            (n* = (n + 2) / 24)

Chi-Square Test of Model Fit for the Binary and Ordered Categorical
(Ordinal) Outcomes

          Pearson Chi-Square

          Value                             56.216
          Degrees of Freedom                    80
          P-Value                           0.9800

          Likelihood Ratio Chi-Square

          Value                             64.006
          Degrees of Freedom                    80
          P-Value                           0.9043

Chi-Square Test for MCAR under the Unrestricted Latent Class Indicator Model

          Pearson Chi-Square

          Value                            137.698
          Degrees of Freedom                   315
          P-Value                           1.0000

          Likelihood Ratio Chi-Square

          Value                             48.678
          Degrees of Freedom                   315
          P-Value                           1.0000



FINAL CLASS COUNTS AND PROPORTIONS FOR THE LATENT CLASSES
BASED ON THE ESTIMATED MODEL

    Latent
   Classes

       1        141.48438          0.31723
       2         17.20681          0.03858
       3        128.10950          0.28724
       4         15.31734          0.03434
       5         95.12784          0.21329
       6         48.75413          0.10931


FINAL CLASS COUNTS AND PROPORTIONS FOR THE LATENT CLASSES
BASED ON ESTIMATED POSTERIOR PROBABILITIES

    Latent
   Classes

       1        141.48438          0.31723
       2         17.20681          0.03858
       3        128.10950          0.28724
       4         15.31734          0.03434
       5         95.12784          0.21329
       6         48.75413          0.10931


FINAL CLASS COUNTS AND PROPORTIONS FOR THE LATENT CLASSES
BASED ON THEIR MOST LIKELY LATENT CLASS MEMBERSHIP

Class Counts and Proportions

    Latent
   Classes

       1              142          0.31839
       2               20          0.04484
       3              104          0.23318
       4               22          0.04933
       5               98          0.21973
       6               60          0.13453


CLASSIFICATION QUALITY

     Entropy                         0.694


Average Latent Class Probabilities for Most Likely Latent Class Membership (Row)
by Latent Class (Column)

           1        2        3        4        5        6

    1   0.827    0.000    0.126    0.000    0.035    0.012
    2   0.011    0.860    0.020    0.027    0.082    0.000
    3   0.114    0.000    0.828    0.006    0.052    0.000
    4   0.009    0.000    0.180    0.644    0.157    0.011
    5   0.025    0.000    0.175    0.000    0.719    0.080
    6   0.155    0.000    0.043    0.000    0.153    0.649


Classification Probabilities for the Most Likely Latent Class Membership (Column)
by Latent Class (Row)

           1        2        3        4        5        6

    1   0.830    0.002    0.084    0.001    0.017    0.066
    2   0.000    1.000    0.000    0.000    0.000    0.000
    3   0.140    0.003    0.672    0.031    0.134    0.020
    4   0.000    0.035    0.040    0.925    0.000    0.000
    5   0.052    0.017    0.057    0.036    0.741    0.096
    6   0.035    0.000    0.000    0.005    0.162    0.799


Logits for the Classification Probabilities for the Most Likely Latent Class Membership (Column)
by Latent Class (Row)

              1        2        3        4        5        6

    1      2.534   -3.714    0.239   -3.907   -1.344    0.000
    2      0.000   13.816    0.000    0.000    0.000    0.000
    3      1.943   -1.873    3.515    0.434    1.903    0.000
    4      0.000   10.474   10.594   13.737    0.000    0.000
    5     -0.617   -1.728   -0.530   -0.978    2.039    0.000
    6     -3.135  -13.591  -13.591   -5.075   -1.597    0.000


MODEL RESULTS

                                                    Two-Tailed
                    Estimate       S.E.  Est./S.E.    P-Value

Latent Class 1

 Thresholds
    DO1$1              1.458      0.420      3.468      0.001
    DO2$1              2.656      0.524      5.070      0.000
    DO3$1              1.682      1.494      1.126      0.260
    DO4$1              1.564      0.640      2.444      0.015
    DO5$1              1.924      0.594      3.239      0.001
    DO6$1              2.004      0.489      4.100      0.000
    DO7$1             -0.383      0.237     -1.614      0.107

Latent Class 2

 Thresholds
    DO1$1              0.962      0.782      1.230      0.219
    DO2$1            -15.000      0.000    999.000    999.000
    DO3$1            -15.000      0.000    999.000    999.000
    DO4$1             -1.234      0.874     -1.412      0.158
    DO5$1            -15.000      0.000    999.000    999.000
    DO6$1             -0.591      0.922     -0.641      0.521
    DO7$1              0.476      0.791      0.602      0.547

Latent Class 3

 Thresholds
    DO1$1             -0.082      0.605     -0.135      0.893
    DO2$1              4.712      8.161      0.577      0.564
    DO3$1             -1.667      0.755     -2.206      0.027
    DO4$1             -0.076      0.302     -0.253      0.800
    DO5$1             -0.177      0.492     -0.361      0.718
    DO6$1              0.885      0.324      2.730      0.006
    DO7$1             -0.882      2.103     -0.420      0.675

Latent Class 4

 Thresholds
    DO1$1             -3.874     12.944     -0.299      0.765
    DO2$1              3.306      5.146      0.642      0.521
    DO3$1            -15.000      0.000    999.000    999.000
    DO4$1              1.539      3.242      0.475      0.635
    DO5$1             -1.101      1.853     -0.594      0.552
    DO6$1            -15.000      0.000    999.000    999.000
    DO7$1             15.000      0.000    999.000    999.000

Latent Class 5

 Thresholds
    DO1$1             -0.578      0.555     -1.042      0.297
    DO2$1              3.420      2.384      1.435      0.151
    DO3$1             -0.904      0.860     -1.051      0.293
    DO4$1             -0.610      0.339     -1.799      0.072
    DO5$1             -1.739      1.421     -1.223      0.221
    DO6$1              2.404      3.189      0.754      0.451
    DO7$1             15.000      0.000    999.000    999.000

Latent Class 6

 Thresholds
    DO1$1             -2.787      2.672     -1.043      0.297
    DO2$1              1.656      0.670      2.473      0.013
    DO3$1             15.000      0.000    999.000    999.000
    DO4$1              0.547      0.599      0.913      0.361
    DO5$1             -0.635      0.504     -1.259      0.208
    DO6$1              1.141      0.700      1.630      0.103
    DO7$1             15.000      0.000    999.000    999.000

Categorical Latent Variables

 Means
    C#1                1.065      0.607      1.755      0.079
    C#2               -1.041      0.516     -2.019      0.044
    C#3                0.966      0.971      0.995      0.320
    C#4               -1.158      0.674     -1.718      0.086
    C#5                0.668      1.022      0.654      0.513


QUALITY OF NUMERICAL RESULTS

     Condition Number for the Information Matrix              0.105E-03
       (ratio of smallest to largest eigenvalue)


RESULTS IN PROBABILITY SCALE

                                                    Two-Tailed
                    Estimate       S.E.  Est./S.E.    P-Value

Latent Class 1

 DO1
    Category 1         0.811      0.064     12.602      0.000
    Category 2         0.189      0.064      2.932      0.003
 DO2
    Category 1         0.934      0.032     29.088      0.000
    Category 2         0.066      0.032      2.043      0.041
 DO3
    Category 1         0.843      0.198      4.268      0.000
    Category 2         0.157      0.198      0.794      0.427
 DO4
    Category 1         0.827      0.092      9.030      0.000
    Category 2         0.173      0.092      1.889      0.059
 DO5
    Category 1         0.873      0.066     13.212      0.000
    Category 2         0.127      0.066      1.929      0.054
 DO6
    Category 1         0.881      0.051     17.223      0.000
    Category 2         0.119      0.051      2.323      0.020
 DO7
    Category 1         0.405      0.057      7.088      0.000
    Category 2         0.595      0.057     10.395      0.000

Latent Class 2

 DO1
    Category 1         0.724      0.156      4.625      0.000
    Category 2         0.276      0.156      1.767      0.077
 DO2
    Category 1         0.000      0.000      0.000      1.000
    Category 2         1.000      0.000      0.000      1.000
 DO3
    Category 1         0.000      0.000      0.000      1.000
    Category 2         1.000      0.000      0.000      1.000
 DO4
    Category 1         0.225      0.153      1.477      0.140
    Category 2         0.775      0.153      5.073      0.000
 DO5
    Category 1         0.000      0.000      0.000      1.000
    Category 2         1.000      0.000      0.000      1.000
 DO6
    Category 1         0.356      0.211      1.685      0.092
    Category 2         0.644      0.211      3.043      0.002
 DO7
    Category 1         0.617      0.187      3.300      0.001
    Category 2         0.383      0.187      2.050      0.040

Latent Class 3

 DO1
    Category 1         0.480      0.151      3.176      0.001
    Category 2         0.520      0.151      3.446      0.001
 DO2
    Category 1         0.991      0.072     13.759      0.000
    Category 2         0.009      0.072      0.124      0.902
 DO3
    Category 1         0.159      0.101      1.574      0.116
    Category 2         0.841      0.101      8.332      0.000
 DO4
    Category 1         0.481      0.075      6.384      0.000
    Category 2         0.519      0.075      6.890      0.000
 DO5
    Category 1         0.456      0.122      3.738      0.000
    Category 2         0.544      0.122      4.464      0.000
 DO6
    Category 1         0.708      0.067     10.559      0.000
    Category 2         0.292      0.067      4.358      0.000
 DO7
    Category 1         0.293      0.435      0.672      0.501
    Category 2         0.707      0.435      1.624      0.104

Latent Class 4

 DO1
    Category 1         0.020      0.258      0.079      0.937
    Category 2         0.980      0.258      3.794      0.000
 DO2
    Category 1         0.965      0.176      5.494      0.000
    Category 2         0.035      0.176      0.201      0.840
 DO3
    Category 1         0.000      0.000      0.000      1.000
    Category 2         1.000      0.000      0.000      1.000
 DO4
    Category 1         0.823      0.472      1.746      0.081
    Category 2         0.177      0.472      0.375      0.708
 DO5
    Category 1         0.250      0.347      0.719      0.472
    Category 2         0.750      0.347      2.163      0.031
 DO6
    Category 1         0.000      0.000      0.000      1.000
    Category 2         1.000      0.000      0.000      1.000
 DO7
    Category 1         1.000      0.000      0.000      1.000
    Category 2         0.000      0.000      0.000      1.000

Latent Class 5

 DO1
    Category 1         0.359      0.128      2.813      0.005
    Category 2         0.641      0.128      5.015      0.000
 DO2
    Category 1         0.968      0.073     13.249      0.000
    Category 2         0.032      0.073      0.433      0.665
 DO3
    Category 1         0.288      0.177      1.633      0.102
    Category 2         0.712      0.177      4.032      0.000
 DO4
    Category 1         0.352      0.077      4.547      0.000
    Category 2         0.648      0.077      8.372      0.000
 DO5
    Category 1         0.149      0.181      0.827      0.408
    Category 2         0.851      0.181      4.708      0.000
 DO6
    Category 1         0.917      0.242      3.784      0.000
    Category 2         0.083      0.242      0.342      0.732
 DO7
    Category 1         1.000      0.000      0.000      1.000
    Category 2         0.000      0.000      0.000      1.000

Latent Class 6

 DO1
    Category 1         0.058      0.146      0.397      0.691
    Category 2         0.942      0.146      6.452      0.000
 DO2
    Category 1         0.840      0.090      9.315      0.000
    Category 2         0.160      0.090      1.778      0.075
 DO3
    Category 1         1.000      0.000      0.000      1.000
    Category 2         0.000      0.000      0.000      1.000
 DO4
    Category 1         0.633      0.139      4.556      0.000
    Category 2         0.367      0.139      2.637      0.008
 DO5
    Category 1         0.346      0.114      3.033      0.002
    Category 2         0.654      0.114      5.725      0.000
 DO6
    Category 1         0.758      0.128      5.901      0.000
    Category 2         0.242      0.128      1.885      0.059
 DO7
    Category 1         1.000      0.000      0.000      1.000
    Category 2         0.000      0.000      0.000      1.000


LATENT CLASS INDICATOR ODDS RATIOS FOR THE LATENT CLASSES

                                                95% C.I.
                    Estimate       S.E.  Lower 2.5% Upper 2.5%

Latent Class 1 Compared to Latent Class 2

 DO1
    Category > 1       0.609      0.542      0.107      3.481
 DO2
    Category > 1       0.000      0.000      0.000      0.000
 DO3
    Category > 1       0.000      0.000      0.000      0.000
 DO4
    Category > 1       0.061      0.080      0.005      0.806
 DO5
    Category > 1       0.000      0.000      0.000      0.000
 DO6
    Category > 1       0.075      0.065      0.013      0.416
 DO7
    Category > 1       2.361      1.966      0.462     12.073

Latent Class 1 Compared to Latent Class 3

 DO1
    Category > 1       0.214      0.161      0.049      0.937
 DO2
    Category > 1       7.816     66.573      0.000  *********
 DO3
    Category > 1       0.035      0.046      0.003      0.446
 DO4
    Category > 1       0.194      0.113      0.062      0.609
 DO5
    Category > 1       0.122      0.063      0.045      0.335
 DO6
    Category > 1       0.327      0.172      0.117      0.916
 DO7
    Category > 1       0.607      1.308      0.009     41.484

Latent Class 1 Compared to Latent Class 4

 DO1
    Category > 1       0.005      0.063      0.000  *********
 DO2
    Category > 1       1.916     10.236      0.000  67710.680
 DO3
    Category > 1       0.000      0.000      0.000      0.000
 DO4
    Category > 1       0.975      3.533      0.001   1182.747
 DO5
    Category > 1       0.049      0.108      0.001      3.778
 DO6
    Category > 1       0.000      0.000      0.000      0.000
 DO7
    Category > 1   *********      0.000  *********  *********

Latent Class 1 Compared to Latent Class 5

 DO1
    Category > 1       0.130      0.087      0.035      0.480
 DO2
    Category > 1       2.148      4.635      0.031    147.498
 DO3
    Category > 1       0.075      0.091      0.007      0.800
 DO4
    Category > 1       0.114      0.081      0.028      0.462
 DO5
    Category > 1       0.026      0.047      0.001      0.922
 DO6
    Category > 1       1.492      4.446      0.004    513.234
 DO7
    Category > 1   *********      0.000  *********  *********

Latent Class 1 Compared to Latent Class 6

 DO1
    Category > 1       0.014      0.039      0.000      2.897
 DO2
    Category > 1       0.368      0.367      0.052      2.597
 DO3
    Category > 1   *********      0.000  *********  *********
 DO4
    Category > 1       0.361      0.340      0.057      2.288
 DO5
    Category > 1       0.077      0.053      0.020      0.297
 DO6
    Category > 1       0.422      0.431      0.057      3.122
 DO7
    Category > 1   *********      0.000  *********  *********

Latent Class 2 Compared to Latent Class 3

 DO1
    Category > 1       0.352      0.295      0.068      1.815
 DO2
    Category > 1   *********      0.000  *********  *********
 DO3
    Category > 1   *********      0.000  *********  *********
 DO4
    Category > 1       3.183      3.238      0.433     23.375
 DO5
    Category > 1   *********      0.000  *********  *********
 DO6
    Category > 1       4.376      3.793      0.800     23.932
 DO7
    Category > 1       0.257      0.474      0.007      9.527

Latent Class 2 Compared to Latent Class 4

 DO1
    Category > 1       0.008      0.105      0.000  *********
 DO2
    Category > 1   *********      0.000  *********  *********
 DO3
    Category > 1       1.000      0.000      1.000      1.000
 DO4
    Category > 1      16.011     46.453      0.054   4721.369
 DO5
    Category > 1   *********      0.000  *********  *********
 DO6
    Category > 1       0.000      0.000      0.000      0.000
 DO7
    Category > 1   *********      0.000  *********  *********

Latent Class 2 Compared to Latent Class 5

 DO1
    Category > 1       0.214      0.228      0.027      1.724
 DO2
    Category > 1   *********      0.000  *********  *********
 DO3
    Category > 1   *********      0.000  *********  *********
 DO4
    Category > 1       1.866      1.777      0.289     12.067
 DO5
    Category > 1   *********      0.000  *********  *********
 DO6
    Category > 1      19.986     54.936      0.091   4369.610
 DO7
    Category > 1   *********      0.000  *********  *********

Latent Class 2 Compared to Latent Class 6

 DO1
    Category > 1       0.024      0.061      0.000      3.643
 DO2
    Category > 1   *********      0.000  *********  *********
 DO3
    Category > 1   *********      0.000  *********  *********
 DO4
    Category > 1       5.934      5.841      0.862     40.857
 DO5
    Category > 1   *********      0.000  *********  *********
 DO6
    Category > 1       5.653      7.903      0.365     87.553
 DO7
    Category > 1   *********      0.000  *********  *********

Latent Class 3 Compared to Latent Class 4

 DO1
    Category > 1       0.023      0.300      0.000  *********
 DO2
    Category > 1       0.245      1.662      0.000  *********
 DO3
    Category > 1       0.000      0.000      0.000      0.000
 DO4
    Category > 1       5.030     16.972      0.007   3746.390
 DO5
    Category > 1       0.397      0.858      0.006     27.415
 DO6
    Category > 1       0.000      0.000      0.000      0.000
 DO7
    Category > 1   *********      0.000  *********  *********

Latent Class 3 Compared to Latent Class 5

 DO1
    Category > 1       0.609      0.644      0.076      4.850
 DO2
    Category > 1       0.275      2.799      0.000  *********
 DO3
    Category > 1       2.144      2.155      0.299     15.369
 DO4
    Category > 1       0.586      0.292      0.221      1.554
 DO5
    Category > 1       0.210      0.373      0.006      6.857
 DO6
    Category > 1       4.567     14.111      0.011   1948.097
 DO7
    Category > 1   *********      0.000  *********  *********

Latent Class 3 Compared to Latent Class 6

 DO1
    Category > 1       0.067      0.157      0.001      6.768
 DO2
    Category > 1       0.047      0.371      0.000  *********
 DO3
    Category > 1   *********      0.000  *********  *********
 DO4
    Category > 1       1.864      1.270      0.490      7.087
 DO5
    Category > 1       0.633      0.386      0.191      2.092
 DO6
    Category > 1       1.292      1.102      0.243      6.874
 DO7
    Category > 1   *********      0.000  *********  *********

Latent Class 4 Compared to Latent Class 5

 DO1
    Category > 1      26.984    342.093      0.000  *********
 DO2
    Category > 1       1.121      7.453      0.000  *********
 DO3
    Category > 1   *********      0.000  *********  *********
 DO4
    Category > 1       0.117      0.386      0.000     76.770
 DO5
    Category > 1       0.528      0.660      0.046      6.101
 DO6
    Category > 1   *********      0.000  *********  *********
 DO7
    Category > 1       1.000      0.000      1.000      1.000

Latent Class 4 Compared to Latent Class 6

 DO1
    Category > 1       2.963     41.526      0.000  *********
 DO2
    Category > 1       0.192      0.967      0.000   3704.520
 DO3
    Category > 1   *********      0.000  *********  *********
 DO4
    Category > 1       0.371      1.139      0.001    153.328
 DO5
    Category > 1       1.594      3.191      0.031     80.692
 DO6
    Category > 1   *********      0.000  *********  *********
 DO7
    Category > 1       1.000      0.000      1.000      1.000

Latent Class 5 Compared to Latent Class 6

 DO1
    Category > 1       0.110      0.329      0.000     39.109
 DO2
    Category > 1       0.171      0.481      0.001     41.788
 DO3
    Category > 1   *********      0.000  *********  *********
 DO4
    Category > 1       3.180      2.459      0.699     14.479
 DO5
    Category > 1       3.016      4.953      0.121     75.375
 DO6
    Category > 1       0.283      1.048      0.000    403.640
 DO7
    Category > 1       1.000      0.000      1.000      1.000


MODEL COMMAND WITH FINAL ESTIMATES USED AS STARTING VALUES

     %OVERALL%

     [ c#1*1.06540 ];
     [ c#2*-1.04148 ];
     [ c#3*0.96610 ];
     [ c#4*-1.15780 ];
     [ c#5*0.66843 ];

     %C#1%

     [ do1$1*1.45834 ];
     [ do2$1*2.65587 ];
     [ do3$1*1.68171 ];
     [ do4$1*1.56441 ];
     [ do5$1*1.92425 ];
     [ do6$1*2.00356 ];
     [ do7$1*-0.38287 ];

     %C#2%

     [ do1$1*0.96225 ];
     [ do2$1*-15 ];
     [ do3$1*-15 ];
     [ do4$1*-1.23408 ];
     [ do5$1*-15 ];
     [ do6$1*-0.59125 ];
     [ do7$1*0.47611 ];

     %C#3%

     [ do1$1*-0.08156 ];
     [ do2$1*4.71207 ];
     [ do3$1*-1.66658 ];
     [ do4$1*-0.07628 ];
     [ do5$1*-0.17740 ];
     [ do6$1*0.88488 ];
     [ do7$1*-0.88246 ];

     %C#4%

     [ do1$1*-3.87351 ];
     [ do2$1*3.30594 ];
     [ do3$1*-15 ];
     [ do4$1*1.53919 ];
     [ do5$1*-1.10121 ];
     [ do6$1*-15 ];
     [ do7$1*15 ];

     %C#5%

     [ do1$1*-0.57827 ];
     [ do2$1*3.42037 ];
     [ do3$1*-0.90382 ];
     [ do4$1*-0.61036 ];
     [ do5$1*-1.73908 ];
     [ do6$1*2.40380 ];
     [ do7$1*15 ];

     %C#6%

     [ do1$1*-2.78741 ];
     [ do2$1*1.65636 ];
     [ do3$1*15 ];
     [ do4$1*0.54665 ];
     [ do5$1*-0.63515 ];
     [ do6$1*1.14094 ];
     [ do7$1*15 ];



RESIDUAL OUTPUT


     RESIDUAL OUTPUT IS NOT AVAILABLE FOR THIS MODEL.  ADDITIONAL OUTPUT FOR
     CATEGORICAL, COUNT, AND NOMINAL VARIABLES MAY BE AVAILABLE USING TECH10.


TECHNICAL 11 OUTPUT

     Random Starts Specifications for the k-1 Class Analysis Model
        Number of initial stage random starts                 500
        Number of final stage optimizations                   100



     VUONG-LO-MENDELL-RUBIN LIKELIHOOD RATIO TEST FOR 5 (H0) VERSUS 6 CLASSES

          H0 Loglikelihood Value                        -1800.814
          2 Times the Loglikelihood Difference              9.057
          Difference in the Number of Parameters                8
          Mean                                             20.247
          Standard Deviation                               39.089
          P-Value                                          0.5733

     LO-MENDELL-RUBIN ADJUSTED LRT TEST

          Value                                             8.875
          P-Value                                          0.5769


TECHNICAL 14 OUTPUT

     Random Starts Specifications for the k-1 Class Analysis Model
        Number of initial stage random starts                 500
        Number of final stage optimizations                   100

     Random Starts Specification for the k-1 Class Model for Generated Data
        Number of initial stage random starts                   0
        Number of final stage optimizations for the
           initial stage random starts                          0
     Random Starts Specification for the k Class Model for Generated Data
        Number of initial stage random starts                  40
        Number of final stage optimizations                     8
     Number of bootstrap draws requested                   Varies


     PARAMETRIC BOOTSTRAPPED LIKELIHOOD RATIO TEST FOR 5 (H0) VERSUS 6 CLASSES

          H0 Loglikelihood Value                        -1800.814
          2 Times the Loglikelihood Difference              9.057
          Difference in the Number of Parameters                8
          Approximate P-Value                              1.0000
          Successful Bootstrap Draws                            2


PLOT INFORMATION

The following plots are available:

  Histograms (sample values)
  Scatterplots (sample values)
  Sample proportions and estimated probabilities

     Beginning Time:  11:19:27
        Ending Time:  11:19:38
       Elapsed Time:  00:00:11



MUTHEN & MUTHEN
3463 Stoner Ave.
Los Angeles, CA  90066

Tel: (310) 391-9971
Fax: (310) 391-8971
Web: www.StatModel.com
Support: Support@StatModel.com

Copyright (c) 1998-2024 Muthen & Muthen
